

Started GET "/" for ::1 at 2016-02-15 18:57:08 +0100
Processing by Rails::WelcomeController#index as HTML
  Rendered /usr/local/lib/ruby/gems/2.2.0/gems/railties-4.2.5/lib/rails/templates/rails/welcome/index.html.erb (60.0ms)
Completed 200 OK in 294ms (Views: 272.7ms | ActiveRecord: 0.0ms)
  [1m[36m (1.3ms)[0m  [1mCREATE TABLE "schema_migrations" ("version" varchar NOT NULL) [0m
  [1m[35m (0.3ms)[0m  select sqlite_version(*)
  [1m[36m (1.3ms)[0m  [1mCREATE UNIQUE INDEX "unique_schema_migrations" ON "schema_migrations" ("version")[0m
  [1m[35mActiveRecord::SchemaMigration Load (0.1ms)[0m  SELECT "schema_migrations".* FROM "schema_migrations"
Migrating to CreatePins (20160215181307)
  [1m[36m (0.1ms)[0m  [1mbegin transaction[0m
  [1m[35m (0.4ms)[0m  CREATE TABLE "pins" ("id" INTEGER PRIMARY KEY AUTOINCREMENT NOT NULL, "title" varchar, "description" text, "created_at" datetime NOT NULL, "updated_at" datetime NOT NULL) 
  [1m[36mSQL (0.2ms)[0m  [1mINSERT INTO "schema_migrations" ("version") VALUES (?)[0m  [["version", "20160215181307"]]
  [1m[35m (1.5ms)[0m  commit transaction
  [1m[36mActiveRecord::SchemaMigration Load (0.1ms)[0m  [1mSELECT "schema_migrations".* FROM "schema_migrations"[0m


Started GET "/" for ::1 at 2016-02-15 19:20:02 +0100
  [1m[36mActiveRecord::SchemaMigration Load (0.3ms)[0m  [1mSELECT "schema_migrations".* FROM "schema_migrations"[0m
Processing by PinsController#index as HTML
  Rendered pins/index.html.haml within layouts/application (1.8ms)
Completed 200 OK in 2361ms (Views: 2340.8ms | ActiveRecord: 0.0ms)


Started GET "/assets/pins.self-e3b0c44298fc1c149afbf4c8996fb92427ae41e4649b934ca495991b7852b855.css?body=1" for ::1 at 2016-02-15 19:20:06 +0100


Started GET "/assets/application.self-e80e8f2318043e8af94dddc2adad5a4f09739a8ebb323b3ab31cd71d45fd9113.css?body=1" for ::1 at 2016-02-15 19:20:06 +0100


Started GET "/assets/jquery.self-c64a74367bda6ef8b860f19e74df08927ca99d2be2ac934e9e92d5fd361e0da4.js?body=1" for ::1 at 2016-02-15 19:20:06 +0100


Started GET "/assets/jquery_ujs.self-d602bdfe68ffc63b9f9cc512872aa3cfff046228a0a36e90dd476e8ef54c1b09.js?body=1" for ::1 at 2016-02-15 19:20:06 +0100


Started GET "/assets/turbolinks.self-c37727e9bd6b2735da5c311aa83fead54ed0be6cc8bd9a65309e9c5abe2cbfff.js?body=1" for ::1 at 2016-02-15 19:20:06 +0100


Started GET "/assets/pins.self-877aef30ae1b040ab8a3aba4e3e309a11d7f2612f44dde450b5c157aa5f95c05.js?body=1" for ::1 at 2016-02-15 19:20:06 +0100


Started GET "/assets/application.self-3b8dabdc891efe46b9a144b400ad69e37d7e5876bdc39dee783419a69d7ca819.js?body=1" for ::1 at 2016-02-15 19:20:06 +0100


Started GET "/" for ::1 at 2016-02-15 19:42:13 +0100
Processing by PinsController#index as HTML
  Rendered pins/index.html.haml within layouts/application (0.3ms)
Completed 200 OK in 90ms (Views: 86.7ms | ActiveRecord: 0.0ms)


Started GET "/assets/application.self-e80e8f2318043e8af94dddc2adad5a4f09739a8ebb323b3ab31cd71d45fd9113.css?body=1" for ::1 at 2016-02-15 19:42:13 +0100


Started GET "/assets/pins.self-e3b0c44298fc1c149afbf4c8996fb92427ae41e4649b934ca495991b7852b855.css?body=1" for ::1 at 2016-02-15 19:42:13 +0100


Started GET "/assets/jquery.self-c64a74367bda6ef8b860f19e74df08927ca99d2be2ac934e9e92d5fd361e0da4.js?body=1" for ::1 at 2016-02-15 19:42:13 +0100


Started GET "/assets/application.self-3b8dabdc891efe46b9a144b400ad69e37d7e5876bdc39dee783419a69d7ca819.js?body=1" for ::1 at 2016-02-15 19:42:13 +0100


Started GET "/assets/pins.self-877aef30ae1b040ab8a3aba4e3e309a11d7f2612f44dde450b5c157aa5f95c05.js?body=1" for ::1 at 2016-02-15 19:42:13 +0100


Started GET "/assets/jquery_ujs.self-d602bdfe68ffc63b9f9cc512872aa3cfff046228a0a36e90dd476e8ef54c1b09.js?body=1" for ::1 at 2016-02-15 19:42:13 +0100


Started GET "/assets/turbolinks.self-c37727e9bd6b2735da5c311aa83fead54ed0be6cc8bd9a65309e9c5abe2cbfff.js?body=1" for ::1 at 2016-02-15 19:42:13 +0100


Started GET "/pins/new" for ::1 at 2016-02-15 19:42:26 +0100
Processing by PinsController#new as HTML
  Rendered pins/_form.html.haml (16.5ms)
  Rendered pins/new.html.haml within layouts/application (220.6ms)
Completed 500 Internal Server Error in 292ms (ActiveRecord: 0.5ms)

ActionView::Template::Error (Inconsistent indentation: 4 spaces used for indentation, but the rest of the document was indented using 1 tab.):
     8: 			-@pin.errors.full_messages.each do |msg|
     9: 				%li= msg
    10: 
    11:     .form-group
    12:     = f.input :title, input_html: {class: 'form-control'}
    13: 			
    14: 	.form-group
  app/views/pins/_form.html.haml:11
  app/views/pins/new.html.haml:3:in `_app_views_pins_new_html_haml___2532554046899676263_70176338263300'


  Rendered /usr/local/lib/ruby/gems/2.2.0/gems/actionpack-4.2.5/lib/action_dispatch/middleware/templates/rescues/_source.erb (6.6ms)
  Rendered /usr/local/lib/ruby/gems/2.2.0/gems/actionpack-4.2.5/lib/action_dispatch/middleware/templates/rescues/_trace.html.erb (2.6ms)
  Rendered /usr/local/lib/ruby/gems/2.2.0/gems/actionpack-4.2.5/lib/action_dispatch/middleware/templates/rescues/_request_and_response.html.erb (0.7ms)
  Rendered /usr/local/lib/ruby/gems/2.2.0/gems/actionpack-4.2.5/lib/action_dispatch/middleware/templates/rescues/template_error.html.erb within rescues/layout (56.7ms)
  Rendered /usr/local/lib/ruby/gems/2.2.0/gems/web-console-2.3.0/lib/web_console/templates/_markup.html.erb (0.4ms)
  Rendered /usr/local/lib/ruby/gems/2.2.0/gems/web-console-2.3.0/lib/web_console/templates/_inner_console_markup.html.erb within layouts/inlined_string (0.3ms)
  Rendered /usr/local/lib/ruby/gems/2.2.0/gems/web-console-2.3.0/lib/web_console/templates/_prompt_box_markup.html.erb within layouts/inlined_string (0.2ms)
  Rendered /usr/local/lib/ruby/gems/2.2.0/gems/web-console-2.3.0/lib/web_console/templates/style.css.erb within layouts/inlined_string (0.3ms)
  Rendered /usr/local/lib/ruby/gems/2.2.0/gems/web-console-2.3.0/lib/web_console/templates/console.js.erb within layouts/javascript (130.3ms)
  Rendered /usr/local/lib/ruby/gems/2.2.0/gems/web-console-2.3.0/lib/web_console/templates/main.js.erb within layouts/javascript (0.3ms)
  Rendered /usr/local/lib/ruby/gems/2.2.0/gems/web-console-2.3.0/lib/web_console/templates/error_page.js.erb within layouts/javascript (0.4ms)
  Rendered /usr/local/lib/ruby/gems/2.2.0/gems/web-console-2.3.0/lib/web_console/templates/index.html.erb (195.1ms)


Started GET "/pins/new" for ::1 at 2016-02-15 19:44:43 +0100
Processing by PinsController#new as HTML
  Rendered pins/_form.html.haml (1.4ms)
  Rendered pins/new.html.haml within layouts/application (2.5ms)
Completed 500 Internal Server Error in 6ms (ActiveRecord: 0.0ms)

ActionView::Template::Error (Inconsistent indentation: 4 spaces used for indentation, but the rest of the document was indented using 1 tab.):
     8: 			-@pin.errors.full_messages.each do |msg|
     9: 				%li= msg
    10: 
    11:     .form-group
    12:       = f.input :title, input_html: {class: 'form-control'}
    13: 			
    14: 	.form-group
  app/views/pins/_form.html.haml:11
  app/views/pins/new.html.haml:3:in `_app_views_pins_new_html_haml___2532554046899676263_70176338263300'


  Rendered /usr/local/lib/ruby/gems/2.2.0/gems/actionpack-4.2.5/lib/action_dispatch/middleware/templates/rescues/_source.erb (6.7ms)
  Rendered /usr/local/lib/ruby/gems/2.2.0/gems/actionpack-4.2.5/lib/action_dispatch/middleware/templates/rescues/_trace.html.erb (2.5ms)
  Rendered /usr/local/lib/ruby/gems/2.2.0/gems/actionpack-4.2.5/lib/action_dispatch/middleware/templates/rescues/_request_and_response.html.erb (0.8ms)
  Rendered /usr/local/lib/ruby/gems/2.2.0/gems/actionpack-4.2.5/lib/action_dispatch/middleware/templates/rescues/template_error.html.erb within rescues/layout (51.8ms)
  Rendered /usr/local/lib/ruby/gems/2.2.0/gems/web-console-2.3.0/lib/web_console/templates/_markup.html.erb (0.5ms)
  Rendered /usr/local/lib/ruby/gems/2.2.0/gems/web-console-2.3.0/lib/web_console/templates/_inner_console_markup.html.erb within layouts/inlined_string (0.2ms)
  Rendered /usr/local/lib/ruby/gems/2.2.0/gems/web-console-2.3.0/lib/web_console/templates/_prompt_box_markup.html.erb within layouts/inlined_string (0.2ms)
  Rendered /usr/local/lib/ruby/gems/2.2.0/gems/web-console-2.3.0/lib/web_console/templates/style.css.erb within layouts/inlined_string (0.3ms)
  Rendered /usr/local/lib/ruby/gems/2.2.0/gems/web-console-2.3.0/lib/web_console/templates/console.js.erb within layouts/javascript (43.6ms)
  Rendered /usr/local/lib/ruby/gems/2.2.0/gems/web-console-2.3.0/lib/web_console/templates/main.js.erb within layouts/javascript (0.3ms)
  Rendered /usr/local/lib/ruby/gems/2.2.0/gems/web-console-2.3.0/lib/web_console/templates/error_page.js.erb within layouts/javascript (0.3ms)
  Rendered /usr/local/lib/ruby/gems/2.2.0/gems/web-console-2.3.0/lib/web_console/templates/index.html.erb (95.8ms)


Started GET "/pins/new" for ::1 at 2016-02-15 19:45:18 +0100
Processing by PinsController#new as HTML
  Rendered pins/_form.html.haml (1.5ms)
  Rendered pins/new.html.haml within layouts/application (2.7ms)
Completed 500 Internal Server Error in 6ms (ActiveRecord: 0.0ms)

ActionView::Template::Error (Inconsistent indentation: 6 spaces used for indentation, but the rest of the document was indented using 1 tab.):
     9: 				%li= msg
    10: 
    11: 	.form-group
    12:       = f.input :title, input_html: {class: 'form-control'}
    13: 			
    14: 	.form-group
    15:       = f.input :description, input_html: {class: 'form-control'}	
  app/views/pins/_form.html.haml:12
  app/views/pins/new.html.haml:3:in `_app_views_pins_new_html_haml___2532554046899676263_70176338263300'


  Rendered /usr/local/lib/ruby/gems/2.2.0/gems/actionpack-4.2.5/lib/action_dispatch/middleware/templates/rescues/_source.erb (7.1ms)
  Rendered /usr/local/lib/ruby/gems/2.2.0/gems/actionpack-4.2.5/lib/action_dispatch/middleware/templates/rescues/_trace.html.erb (2.9ms)
  Rendered /usr/local/lib/ruby/gems/2.2.0/gems/actionpack-4.2.5/lib/action_dispatch/middleware/templates/rescues/_request_and_response.html.erb (0.8ms)
  Rendered /usr/local/lib/ruby/gems/2.2.0/gems/actionpack-4.2.5/lib/action_dispatch/middleware/templates/rescues/template_error.html.erb within rescues/layout (53.2ms)
  Rendered /usr/local/lib/ruby/gems/2.2.0/gems/web-console-2.3.0/lib/web_console/templates/_markup.html.erb (0.3ms)
  Rendered /usr/local/lib/ruby/gems/2.2.0/gems/web-console-2.3.0/lib/web_console/templates/_inner_console_markup.html.erb within layouts/inlined_string (0.3ms)
  Rendered /usr/local/lib/ruby/gems/2.2.0/gems/web-console-2.3.0/lib/web_console/templates/_prompt_box_markup.html.erb within layouts/inlined_string (0.3ms)
  Rendered /usr/local/lib/ruby/gems/2.2.0/gems/web-console-2.3.0/lib/web_console/templates/style.css.erb within layouts/inlined_string (0.3ms)
  Rendered /usr/local/lib/ruby/gems/2.2.0/gems/web-console-2.3.0/lib/web_console/templates/console.js.erb within layouts/javascript (41.2ms)
  Rendered /usr/local/lib/ruby/gems/2.2.0/gems/web-console-2.3.0/lib/web_console/templates/main.js.erb within layouts/javascript (0.2ms)
  Rendered /usr/local/lib/ruby/gems/2.2.0/gems/web-console-2.3.0/lib/web_console/templates/error_page.js.erb within layouts/javascript (0.3ms)
  Rendered /usr/local/lib/ruby/gems/2.2.0/gems/web-console-2.3.0/lib/web_console/templates/index.html.erb (90.4ms)


Started GET "/pins/new" for ::1 at 2016-02-15 19:45:49 +0100
Processing by PinsController#new as HTML
  Rendered pins/_form.html.haml (1.5ms)
  Rendered pins/new.html.haml within layouts/application (2.7ms)
Completed 500 Internal Server Error in 6ms (ActiveRecord: 0.0ms)

ActionView::Template::Error (Inconsistent indentation: 4 spaces used for indentation, but the rest of the document was indented using 1 tab.):
    14: 	.form-group
    15: 		= f.input :description, input_html: {class: 'form-control'}	
    16: 
    17:     = f.button :submit, {class: 'btn btn-primary'}
  app/views/pins/_form.html.haml:17
  app/views/pins/new.html.haml:3:in `_app_views_pins_new_html_haml___2532554046899676263_70176338263300'


  Rendered /usr/local/lib/ruby/gems/2.2.0/gems/actionpack-4.2.5/lib/action_dispatch/middleware/templates/rescues/_source.erb (7.7ms)
  Rendered /usr/local/lib/ruby/gems/2.2.0/gems/actionpack-4.2.5/lib/action_dispatch/middleware/templates/rescues/_trace.html.erb (2.4ms)
  Rendered /usr/local/lib/ruby/gems/2.2.0/gems/actionpack-4.2.5/lib/action_dispatch/middleware/templates/rescues/_request_and_response.html.erb (0.7ms)
  Rendered /usr/local/lib/ruby/gems/2.2.0/gems/actionpack-4.2.5/lib/action_dispatch/middleware/templates/rescues/template_error.html.erb within rescues/layout (53.2ms)
  Rendered /usr/local/lib/ruby/gems/2.2.0/gems/web-console-2.3.0/lib/web_console/templates/_markup.html.erb (0.3ms)
  Rendered /usr/local/lib/ruby/gems/2.2.0/gems/web-console-2.3.0/lib/web_console/templates/_inner_console_markup.html.erb within layouts/inlined_string (0.3ms)
  Rendered /usr/local/lib/ruby/gems/2.2.0/gems/web-console-2.3.0/lib/web_console/templates/_prompt_box_markup.html.erb within layouts/inlined_string (0.3ms)
  Rendered /usr/local/lib/ruby/gems/2.2.0/gems/web-console-2.3.0/lib/web_console/templates/style.css.erb within layouts/inlined_string (0.3ms)
  Rendered /usr/local/lib/ruby/gems/2.2.0/gems/web-console-2.3.0/lib/web_console/templates/console.js.erb within layouts/javascript (41.1ms)
  Rendered /usr/local/lib/ruby/gems/2.2.0/gems/web-console-2.3.0/lib/web_console/templates/main.js.erb within layouts/javascript (0.3ms)
  Rendered /usr/local/lib/ruby/gems/2.2.0/gems/web-console-2.3.0/lib/web_console/templates/error_page.js.erb within layouts/javascript (0.3ms)
  Rendered /usr/local/lib/ruby/gems/2.2.0/gems/web-console-2.3.0/lib/web_console/templates/index.html.erb (90.6ms)


Started GET "/pins/new" for ::1 at 2016-02-15 19:46:03 +0100
Processing by PinsController#new as HTML
  Rendered pins/_form.html.haml (298.5ms)
  Rendered pins/new.html.haml within layouts/application (299.8ms)
Completed 200 OK in 311ms (Views: 310.3ms | ActiveRecord: 0.0ms)


Started GET "/assets/application.self-e80e8f2318043e8af94dddc2adad5a4f09739a8ebb323b3ab31cd71d45fd9113.css?body=1" for ::1 at 2016-02-15 19:46:03 +0100


Started GET "/assets/pins.self-e3b0c44298fc1c149afbf4c8996fb92427ae41e4649b934ca495991b7852b855.css?body=1" for ::1 at 2016-02-15 19:46:03 +0100


Started GET "/assets/jquery.self-c64a74367bda6ef8b860f19e74df08927ca99d2be2ac934e9e92d5fd361e0da4.js?body=1" for ::1 at 2016-02-15 19:46:03 +0100


Started GET "/assets/turbolinks.self-c37727e9bd6b2735da5c311aa83fead54ed0be6cc8bd9a65309e9c5abe2cbfff.js?body=1" for ::1 at 2016-02-15 19:46:03 +0100


Started GET "/assets/application.self-3b8dabdc891efe46b9a144b400ad69e37d7e5876bdc39dee783419a69d7ca819.js?body=1" for ::1 at 2016-02-15 19:46:03 +0100


Started GET "/assets/jquery_ujs.self-d602bdfe68ffc63b9f9cc512872aa3cfff046228a0a36e90dd476e8ef54c1b09.js?body=1" for ::1 at 2016-02-15 19:46:03 +0100


Started GET "/assets/pins.self-877aef30ae1b040ab8a3aba4e3e309a11d7f2612f44dde450b5c157aa5f95c05.js?body=1" for ::1 at 2016-02-15 19:46:03 +0100


Started GET "/pins/new" for ::1 at 2016-02-15 19:47:35 +0100
Processing by PinsController#new as HTML
  Rendered pins/_form.html.haml (4.4ms)
  Rendered pins/new.html.haml within layouts/application (6.5ms)
Completed 200 OK in 18ms (Views: 17.3ms | ActiveRecord: 0.0ms)


Started GET "/assets/pins.self-e3b0c44298fc1c149afbf4c8996fb92427ae41e4649b934ca495991b7852b855.css?body=1" for ::1 at 2016-02-15 19:47:35 +0100


Started GET "/assets/jquery.self-c64a74367bda6ef8b860f19e74df08927ca99d2be2ac934e9e92d5fd361e0da4.js?body=1" for ::1 at 2016-02-15 19:47:35 +0100


Started GET "/assets/application.self-e80e8f2318043e8af94dddc2adad5a4f09739a8ebb323b3ab31cd71d45fd9113.css?body=1" for ::1 at 2016-02-15 19:47:35 +0100


Started GET "/assets/pins.self-877aef30ae1b040ab8a3aba4e3e309a11d7f2612f44dde450b5c157aa5f95c05.js?body=1" for ::1 at 2016-02-15 19:47:35 +0100


Started GET "/assets/turbolinks.self-c37727e9bd6b2735da5c311aa83fead54ed0be6cc8bd9a65309e9c5abe2cbfff.js?body=1" for ::1 at 2016-02-15 19:47:35 +0100


Started GET "/assets/jquery_ujs.self-d602bdfe68ffc63b9f9cc512872aa3cfff046228a0a36e90dd476e8ef54c1b09.js?body=1" for ::1 at 2016-02-15 19:47:35 +0100


Started GET "/assets/application.self-3b8dabdc891efe46b9a144b400ad69e37d7e5876bdc39dee783419a69d7ca819.js?body=1" for ::1 at 2016-02-15 19:47:35 +0100


Started GET "/pins/new" for ::1 at 2016-02-15 19:58:40 +0100
Processing by PinsController#new as HTML
  Rendered pins/_form.html.haml (4.4ms)
  Rendered pins/new.html.haml within layouts/application (13.2ms)
Completed 200 OK in 82ms (Views: 63.4ms | ActiveRecord: 0.4ms)


Started GET "/assets/application.self-e80e8f2318043e8af94dddc2adad5a4f09739a8ebb323b3ab31cd71d45fd9113.css?body=1" for ::1 at 2016-02-15 19:58:40 +0100


Started GET "/assets/pins.self-e3b0c44298fc1c149afbf4c8996fb92427ae41e4649b934ca495991b7852b855.css?body=1" for ::1 at 2016-02-15 19:58:40 +0100


Started GET "/assets/application.self-3b8dabdc891efe46b9a144b400ad69e37d7e5876bdc39dee783419a69d7ca819.js?body=1" for ::1 at 2016-02-15 19:58:40 +0100


Started GET "/assets/pins.self-877aef30ae1b040ab8a3aba4e3e309a11d7f2612f44dde450b5c157aa5f95c05.js?body=1" for ::1 at 2016-02-15 19:58:40 +0100


Started GET "/assets/jquery_ujs.self-d602bdfe68ffc63b9f9cc512872aa3cfff046228a0a36e90dd476e8ef54c1b09.js?body=1" for ::1 at 2016-02-15 19:58:40 +0100


Started GET "/assets/turbolinks.self-c37727e9bd6b2735da5c311aa83fead54ed0be6cc8bd9a65309e9c5abe2cbfff.js?body=1" for ::1 at 2016-02-15 19:58:40 +0100


Started GET "/assets/jquery.self-c64a74367bda6ef8b860f19e74df08927ca99d2be2ac934e9e92d5fd361e0da4.js?body=1" for ::1 at 2016-02-15 19:58:40 +0100


Started GET "/pins/new" for ::1 at 2016-02-15 20:01:21 +0100
Processing by PinsController#new as HTML
  Rendered pins/_form.html.haml (4.4ms)
  Rendered pins/new.html.haml within layouts/application (5.7ms)
Completed 500 Internal Server Error in 11ms (ActiveRecord: 0.0ms)

ActionView::Template::Error (Inconsistent indentation: "  \t" used for indentation, but the rest of the document was indented using 2 spaces.):
     8: 
     9: %body
    10:   - flash.each do |name, msg|
    11:   	= content_tag :div, msg, class: {"alert alert-info"}
    12:   = yield
  app/views/layouts/application.html.haml:11


  Rendered /usr/local/lib/ruby/gems/2.2.0/gems/actionpack-4.2.5/lib/action_dispatch/middleware/templates/rescues/_source.erb (5.7ms)
  Rendered /usr/local/lib/ruby/gems/2.2.0/gems/actionpack-4.2.5/lib/action_dispatch/middleware/templates/rescues/_trace.html.erb (2.6ms)
  Rendered /usr/local/lib/ruby/gems/2.2.0/gems/actionpack-4.2.5/lib/action_dispatch/middleware/templates/rescues/_request_and_response.html.erb (0.8ms)
  Rendered /usr/local/lib/ruby/gems/2.2.0/gems/actionpack-4.2.5/lib/action_dispatch/middleware/templates/rescues/template_error.html.erb within rescues/layout (52.5ms)
  Rendered /usr/local/lib/ruby/gems/2.2.0/gems/web-console-2.3.0/lib/web_console/templates/_markup.html.erb (0.4ms)
  Rendered /usr/local/lib/ruby/gems/2.2.0/gems/web-console-2.3.0/lib/web_console/templates/_inner_console_markup.html.erb within layouts/inlined_string (0.2ms)
  Rendered /usr/local/lib/ruby/gems/2.2.0/gems/web-console-2.3.0/lib/web_console/templates/_prompt_box_markup.html.erb within layouts/inlined_string (0.2ms)
  Rendered /usr/local/lib/ruby/gems/2.2.0/gems/web-console-2.3.0/lib/web_console/templates/style.css.erb within layouts/inlined_string (0.4ms)
  Rendered /usr/local/lib/ruby/gems/2.2.0/gems/web-console-2.3.0/lib/web_console/templates/console.js.erb within layouts/javascript (42.1ms)
  Rendered /usr/local/lib/ruby/gems/2.2.0/gems/web-console-2.3.0/lib/web_console/templates/main.js.erb within layouts/javascript (0.3ms)
  Rendered /usr/local/lib/ruby/gems/2.2.0/gems/web-console-2.3.0/lib/web_console/templates/error_page.js.erb within layouts/javascript (0.3ms)
  Rendered /usr/local/lib/ruby/gems/2.2.0/gems/web-console-2.3.0/lib/web_console/templates/index.html.erb (109.2ms)


Started GET "/pins/new" for ::1 at 2016-02-15 20:01:35 +0100
Processing by PinsController#new as HTML
  Rendered pins/_form.html.haml (4.5ms)
  Rendered pins/new.html.haml within layouts/application (5.8ms)
Completed 500 Internal Server Error in 10ms (ActiveRecord: 0.0ms)

ActionView::Template::Error (Inconsistent indentation: 1 tab used for indentation, but the rest of the document was indented using 2 spaces.):
     8: 
     9: %body
    10:   - flash.each do |name, msg|
    11: 	= content_tag :div, msg, class: {"alert alert-info"}
    12:   = yield
  app/views/layouts/application.html.haml:11


  Rendered /usr/local/lib/ruby/gems/2.2.0/gems/actionpack-4.2.5/lib/action_dispatch/middleware/templates/rescues/_source.erb (5.8ms)
  Rendered /usr/local/lib/ruby/gems/2.2.0/gems/actionpack-4.2.5/lib/action_dispatch/middleware/templates/rescues/_trace.html.erb (2.3ms)
  Rendered /usr/local/lib/ruby/gems/2.2.0/gems/actionpack-4.2.5/lib/action_dispatch/middleware/templates/rescues/_request_and_response.html.erb (0.9ms)
  Rendered /usr/local/lib/ruby/gems/2.2.0/gems/actionpack-4.2.5/lib/action_dispatch/middleware/templates/rescues/template_error.html.erb within rescues/layout (51.3ms)
  Rendered /usr/local/lib/ruby/gems/2.2.0/gems/web-console-2.3.0/lib/web_console/templates/_markup.html.erb (0.3ms)
  Rendered /usr/local/lib/ruby/gems/2.2.0/gems/web-console-2.3.0/lib/web_console/templates/_inner_console_markup.html.erb within layouts/inlined_string (0.3ms)
  Rendered /usr/local/lib/ruby/gems/2.2.0/gems/web-console-2.3.0/lib/web_console/templates/_prompt_box_markup.html.erb within layouts/inlined_string (0.2ms)
  Rendered /usr/local/lib/ruby/gems/2.2.0/gems/web-console-2.3.0/lib/web_console/templates/style.css.erb within layouts/inlined_string (0.4ms)
  Rendered /usr/local/lib/ruby/gems/2.2.0/gems/web-console-2.3.0/lib/web_console/templates/console.js.erb within layouts/javascript (41.9ms)
  Rendered /usr/local/lib/ruby/gems/2.2.0/gems/web-console-2.3.0/lib/web_console/templates/main.js.erb within layouts/javascript (0.2ms)
  Rendered /usr/local/lib/ruby/gems/2.2.0/gems/web-console-2.3.0/lib/web_console/templates/error_page.js.erb within layouts/javascript (0.3ms)
  Rendered /usr/local/lib/ruby/gems/2.2.0/gems/web-console-2.3.0/lib/web_console/templates/index.html.erb (92.3ms)


Started GET "/pins/new" for ::1 at 2016-02-15 20:01:48 +0100
Processing by PinsController#new as HTML
  Rendered pins/_form.html.haml (4.1ms)
  Rendered pins/new.html.haml within layouts/application (5.4ms)
Completed 500 Internal Server Error in 10ms (ActiveRecord: 0.0ms)

ActionView::Template::Error (Inconsistent indentation: "  \t" used for indentation, but the rest of the document was indented using 2 spaces.):
     8: 
     9: %body
    10:   - flash.each do |name, msg|
    11:   	= content_tag :div, msg, class: {"alert alert-info"}
    12:   = yield
  app/views/layouts/application.html.haml:11


  Rendered /usr/local/lib/ruby/gems/2.2.0/gems/actionpack-4.2.5/lib/action_dispatch/middleware/templates/rescues/_source.erb (5.6ms)
  Rendered /usr/local/lib/ruby/gems/2.2.0/gems/actionpack-4.2.5/lib/action_dispatch/middleware/templates/rescues/_trace.html.erb (2.6ms)
  Rendered /usr/local/lib/ruby/gems/2.2.0/gems/actionpack-4.2.5/lib/action_dispatch/middleware/templates/rescues/_request_and_response.html.erb (0.8ms)
  Rendered /usr/local/lib/ruby/gems/2.2.0/gems/actionpack-4.2.5/lib/action_dispatch/middleware/templates/rescues/template_error.html.erb within rescues/layout (51.5ms)
  Rendered /usr/local/lib/ruby/gems/2.2.0/gems/web-console-2.3.0/lib/web_console/templates/_markup.html.erb (0.3ms)
  Rendered /usr/local/lib/ruby/gems/2.2.0/gems/web-console-2.3.0/lib/web_console/templates/_inner_console_markup.html.erb within layouts/inlined_string (0.3ms)
  Rendered /usr/local/lib/ruby/gems/2.2.0/gems/web-console-2.3.0/lib/web_console/templates/_prompt_box_markup.html.erb within layouts/inlined_string (0.3ms)
  Rendered /usr/local/lib/ruby/gems/2.2.0/gems/web-console-2.3.0/lib/web_console/templates/style.css.erb within layouts/inlined_string (0.4ms)
  Rendered /usr/local/lib/ruby/gems/2.2.0/gems/web-console-2.3.0/lib/web_console/templates/console.js.erb within layouts/javascript (42.7ms)
  Rendered /usr/local/lib/ruby/gems/2.2.0/gems/web-console-2.3.0/lib/web_console/templates/main.js.erb within layouts/javascript (0.2ms)
  Rendered /usr/local/lib/ruby/gems/2.2.0/gems/web-console-2.3.0/lib/web_console/templates/error_page.js.erb within layouts/javascript (0.4ms)
  Rendered /usr/local/lib/ruby/gems/2.2.0/gems/web-console-2.3.0/lib/web_console/templates/index.html.erb (93.7ms)


Started GET "/pins/new" for ::1 at 2016-02-15 20:01:59 +0100
Processing by PinsController#new as HTML
  Rendered pins/_form.html.haml (4.0ms)
  Rendered pins/new.html.haml within layouts/application (5.2ms)
Completed 500 Internal Server Error in 10ms (ActiveRecord: 0.0ms)

SyntaxError (/Users/harar/Desktop/Ruby/Rails_App/My_pin/app/views/layouts/application.html.haml:11: syntax error, unexpected '}', expecting =>
/Users/harar/Desktop/Ruby/Rails_App/My_pin/app/views/layouts/application.html.haml:13: syntax error, unexpected '}', expecting tSTRING_DEND
));}\n</body>\n", -1, false);::Ha...
    ^
/Users/harar/Desktop/Ruby/Rails_App/My_pin/app/views/layouts/application.html.haml:13: unterminated regexp meets end of file
/Users/harar/Desktop/Ruby/Rails_App/My_pin/app/views/layouts/application.html.haml:13: syntax error, unexpected end-of-input, expecting tSTRING_DEND):
  app/views/layouts/application.html.haml:11: syntax error, unexpected '}', expecting =>
  app/views/layouts/application.html.haml:13: syntax error, unexpected '}', expecting tSTRING_DEND
  app/views/layouts/application.html.haml:13: unterminated regexp meets end of file
  app/views/layouts/application.html.haml:13: syntax error, unexpected end-of-input, expecting tSTRING_DEND


  Rendered /usr/local/lib/ruby/gems/2.2.0/gems/actionpack-4.2.5/lib/action_dispatch/middleware/templates/rescues/_source.erb (5.2ms)
  Rendered /usr/local/lib/ruby/gems/2.2.0/gems/actionpack-4.2.5/lib/action_dispatch/middleware/templates/rescues/_trace.html.erb (2.2ms)
  Rendered /usr/local/lib/ruby/gems/2.2.0/gems/actionpack-4.2.5/lib/action_dispatch/middleware/templates/rescues/_request_and_response.html.erb (0.7ms)
  Rendered /usr/local/lib/ruby/gems/2.2.0/gems/actionpack-4.2.5/lib/action_dispatch/middleware/templates/rescues/diagnostics.html.erb within rescues/layout (50.4ms)
  Rendered /usr/local/lib/ruby/gems/2.2.0/gems/web-console-2.3.0/lib/web_console/templates/_markup.html.erb (0.3ms)
  Rendered /usr/local/lib/ruby/gems/2.2.0/gems/web-console-2.3.0/lib/web_console/templates/_inner_console_markup.html.erb within layouts/inlined_string (0.3ms)
  Rendered /usr/local/lib/ruby/gems/2.2.0/gems/web-console-2.3.0/lib/web_console/templates/_prompt_box_markup.html.erb within layouts/inlined_string (0.3ms)
  Rendered /usr/local/lib/ruby/gems/2.2.0/gems/web-console-2.3.0/lib/web_console/templates/style.css.erb within layouts/inlined_string (0.3ms)
  Rendered /usr/local/lib/ruby/gems/2.2.0/gems/web-console-2.3.0/lib/web_console/templates/console.js.erb within layouts/javascript (41.7ms)
  Rendered /usr/local/lib/ruby/gems/2.2.0/gems/web-console-2.3.0/lib/web_console/templates/main.js.erb within layouts/javascript (0.3ms)
  Rendered /usr/local/lib/ruby/gems/2.2.0/gems/web-console-2.3.0/lib/web_console/templates/error_page.js.erb within layouts/javascript (0.3ms)
  Rendered /usr/local/lib/ruby/gems/2.2.0/gems/web-console-2.3.0/lib/web_console/templates/index.html.erb (91.7ms)


Started GET "/pins/new" for ::1 at 2016-02-15 20:02:59 +0100
Processing by PinsController#new as HTML
  Rendered pins/_form.html.haml (3.8ms)
  Rendered pins/new.html.haml within layouts/application (5.0ms)
Completed 200 OK in 75ms (Views: 74.9ms | ActiveRecord: 0.0ms)


Started GET "/assets/application.self-e80e8f2318043e8af94dddc2adad5a4f09739a8ebb323b3ab31cd71d45fd9113.css?body=1" for ::1 at 2016-02-15 20:03:00 +0100


Started GET "/assets/pins.self-e3b0c44298fc1c149afbf4c8996fb92427ae41e4649b934ca495991b7852b855.css?body=1" for ::1 at 2016-02-15 20:03:00 +0100


Started GET "/assets/application.self-3b8dabdc891efe46b9a144b400ad69e37d7e5876bdc39dee783419a69d7ca819.js?body=1" for ::1 at 2016-02-15 20:03:00 +0100


Started GET "/assets/jquery.self-c64a74367bda6ef8b860f19e74df08927ca99d2be2ac934e9e92d5fd361e0da4.js?body=1" for ::1 at 2016-02-15 20:03:00 +0100


Started GET "/assets/jquery_ujs.self-d602bdfe68ffc63b9f9cc512872aa3cfff046228a0a36e90dd476e8ef54c1b09.js?body=1" for ::1 at 2016-02-15 20:03:00 +0100


Started GET "/assets/pins.self-877aef30ae1b040ab8a3aba4e3e309a11d7f2612f44dde450b5c157aa5f95c05.js?body=1" for ::1 at 2016-02-15 20:03:00 +0100


Started GET "/assets/turbolinks.self-c37727e9bd6b2735da5c311aa83fead54ed0be6cc8bd9a65309e9c5abe2cbfff.js?body=1" for ::1 at 2016-02-15 20:03:00 +0100


Started POST "/pins" for ::1 at 2016-02-15 20:11:30 +0100
Processing by PinsController#create as HTML
  Parameters: {"utf8"=>"✓", "authenticity_token"=>"KB29tD+/GUni4hxtx8oGWWYw5atlwsNXVYBxHRsZ/uDRg81PWhM7FFi+uztF8q4hMB/SkTu3zyjS2rbUdRWUbQ==", "pin"=>{"title"=>"First pin", "description"=>"La pression d’entraîneur de très haut niveau, Zinédine Zidane va rapidement la connaître à l’occasion de la Ligue des champions. Le huitième de finale contre l’AS Rome est programmé dès mercredi, avec un match aller en Italie, loin de Santiago-Bernabéu, où les Merengues ont bien du mal depuis le changement d’entraîneur. En attendant, le technicien français affichait un large sourire après la victoire des siens lors de la venue de l’Athletic Bilbao (4-2), dans le cadre de la 24e journée de Liga."}, "commit"=>"Create Pin"}
Unpermitted parameters: title, description
Completed 500 Internal Server Error in 2ms (ActiveRecord: 0.0ms)

NoMethodError (undefined method `call' for {}:ActionController::Parameters):
  app/controllers/pins_controller.rb:23:in `pin_params'
  app/controllers/pins_controller.rb:11:in `create'


  Rendered /usr/local/lib/ruby/gems/2.2.0/gems/actionpack-4.2.5/lib/action_dispatch/middleware/templates/rescues/_source.erb (3.9ms)
  Rendered /usr/local/lib/ruby/gems/2.2.0/gems/actionpack-4.2.5/lib/action_dispatch/middleware/templates/rescues/_trace.html.erb (1.9ms)
  Rendered /usr/local/lib/ruby/gems/2.2.0/gems/actionpack-4.2.5/lib/action_dispatch/middleware/templates/rescues/_request_and_response.html.erb (0.9ms)
  Rendered /usr/local/lib/ruby/gems/2.2.0/gems/actionpack-4.2.5/lib/action_dispatch/middleware/templates/rescues/diagnostics.html.erb within rescues/layout (50.3ms)
  Rendered /usr/local/lib/ruby/gems/2.2.0/gems/web-console-2.3.0/lib/web_console/templates/_markup.html.erb (0.4ms)
  Rendered /usr/local/lib/ruby/gems/2.2.0/gems/web-console-2.3.0/lib/web_console/templates/_inner_console_markup.html.erb within layouts/inlined_string (0.3ms)
  Rendered /usr/local/lib/ruby/gems/2.2.0/gems/web-console-2.3.0/lib/web_console/templates/_prompt_box_markup.html.erb within layouts/inlined_string (0.3ms)
  Rendered /usr/local/lib/ruby/gems/2.2.0/gems/web-console-2.3.0/lib/web_console/templates/style.css.erb within layouts/inlined_string (0.3ms)
  Rendered /usr/local/lib/ruby/gems/2.2.0/gems/web-console-2.3.0/lib/web_console/templates/console.js.erb within layouts/javascript (42.5ms)
  Rendered /usr/local/lib/ruby/gems/2.2.0/gems/web-console-2.3.0/lib/web_console/templates/main.js.erb within layouts/javascript (0.2ms)
  Rendered /usr/local/lib/ruby/gems/2.2.0/gems/web-console-2.3.0/lib/web_console/templates/error_page.js.erb within layouts/javascript (0.4ms)
  Rendered /usr/local/lib/ruby/gems/2.2.0/gems/web-console-2.3.0/lib/web_console/templates/index.html.erb (102.3ms)


Started POST "/pins" for ::1 at 2016-02-15 20:14:01 +0100
Processing by PinsController#create as HTML
  Parameters: {"utf8"=>"✓", "authenticity_token"=>"KB29tD+/GUni4hxtx8oGWWYw5atlwsNXVYBxHRsZ/uDRg81PWhM7FFi+uztF8q4hMB/SkTu3zyjS2rbUdRWUbQ==", "pin"=>{"title"=>"First pin", "description"=>"La pression d’entraîneur de très haut niveau, Zinédine Zidane va rapidement la connaître à l’occasion de la Ligue des champions. Le huitième de finale contre l’AS Rome est programmé dès mercredi, avec un match aller en Italie, loin de Santiago-Bernabéu, où les Merengues ont bien du mal depuis le changement d’entraîneur. En attendant, le technicien français affichait un large sourire après la victoire des siens lors de la venue de l’Athletic Bilbao (4-2), dans le cadre de la 24e journée de Liga."}, "commit"=>"Create Pin"}
Unpermitted parameters: title, description
Completed 500 Internal Server Error in 135ms (ActiveRecord: 0.0ms)

NoMethodError (undefined method `call' for {}:ActionController::Parameters):
  app/controllers/pins_controller.rb:23:in `pin_params'
  app/controllers/pins_controller.rb:11:in `create'


  Rendered /usr/local/lib/ruby/gems/2.2.0/gems/actionpack-4.2.5/lib/action_dispatch/middleware/templates/rescues/_source.erb (4.3ms)
  Rendered /usr/local/lib/ruby/gems/2.2.0/gems/actionpack-4.2.5/lib/action_dispatch/middleware/templates/rescues/_trace.html.erb (2.0ms)
  Rendered /usr/local/lib/ruby/gems/2.2.0/gems/actionpack-4.2.5/lib/action_dispatch/middleware/templates/rescues/_request_and_response.html.erb (1.0ms)
  Rendered /usr/local/lib/ruby/gems/2.2.0/gems/actionpack-4.2.5/lib/action_dispatch/middleware/templates/rescues/diagnostics.html.erb within rescues/layout (481.6ms)
  Rendered /usr/local/lib/ruby/gems/2.2.0/gems/web-console-2.3.0/lib/web_console/templates/_markup.html.erb (0.4ms)
  Rendered /usr/local/lib/ruby/gems/2.2.0/gems/web-console-2.3.0/lib/web_console/templates/_inner_console_markup.html.erb within layouts/inlined_string (0.4ms)
  Rendered /usr/local/lib/ruby/gems/2.2.0/gems/web-console-2.3.0/lib/web_console/templates/_prompt_box_markup.html.erb within layouts/inlined_string (0.3ms)
  Rendered /usr/local/lib/ruby/gems/2.2.0/gems/web-console-2.3.0/lib/web_console/templates/style.css.erb within layouts/inlined_string (0.4ms)
  Rendered /usr/local/lib/ruby/gems/2.2.0/gems/web-console-2.3.0/lib/web_console/templates/console.js.erb within layouts/javascript (253.9ms)
  Rendered /usr/local/lib/ruby/gems/2.2.0/gems/web-console-2.3.0/lib/web_console/templates/main.js.erb within layouts/javascript (0.4ms)
  Rendered /usr/local/lib/ruby/gems/2.2.0/gems/web-console-2.3.0/lib/web_console/templates/error_page.js.erb within layouts/javascript (0.4ms)
  Rendered /usr/local/lib/ruby/gems/2.2.0/gems/web-console-2.3.0/lib/web_console/templates/index.html.erb (810.2ms)


Started POST "/pins" for ::1 at 2016-02-15 20:19:18 +0100
Processing by PinsController#create as HTML
  Parameters: {"utf8"=>"✓", "authenticity_token"=>"KB29tD+/GUni4hxtx8oGWWYw5atlwsNXVYBxHRsZ/uDRg81PWhM7FFi+uztF8q4hMB/SkTu3zyjS2rbUdRWUbQ==", "pin"=>{"title"=>"First pin", "description"=>"La pression d’entraîneur de très haut niveau, Zinédine Zidane va rapidement la connaître à l’occasion de la Ligue des champions. Le huitième de finale contre l’AS Rome est programmé dès mercredi, avec un match aller en Italie, loin de Santiago-Bernabéu, où les Merengues ont bien du mal depuis le changement d’entraîneur. En attendant, le technicien français affichait un large sourire après la victoire des siens lors de la venue de l’Athletic Bilbao (4-2), dans le cadre de la 24e journée de Liga."}, "commit"=>"Create Pin"}
Unpermitted parameters: title, description
Completed 500 Internal Server Error in 17ms (ActiveRecord: 0.0ms)

NoMethodError (undefined method `call' for {}:ActionController::Parameters):
  app/controllers/pins_controller.rb:23:in `pin_params'
  app/controllers/pins_controller.rb:11:in `create'


  Rendered /usr/local/lib/ruby/gems/2.2.0/gems/actionpack-4.2.5/lib/action_dispatch/middleware/templates/rescues/_source.erb (4.0ms)
  Rendered /usr/local/lib/ruby/gems/2.2.0/gems/actionpack-4.2.5/lib/action_dispatch/middleware/templates/rescues/_trace.html.erb (2.0ms)
  Rendered /usr/local/lib/ruby/gems/2.2.0/gems/actionpack-4.2.5/lib/action_dispatch/middleware/templates/rescues/_request_and_response.html.erb (0.9ms)
  Rendered /usr/local/lib/ruby/gems/2.2.0/gems/actionpack-4.2.5/lib/action_dispatch/middleware/templates/rescues/diagnostics.html.erb within rescues/layout (51.4ms)
  Rendered /usr/local/lib/ruby/gems/2.2.0/gems/web-console-2.3.0/lib/web_console/templates/_markup.html.erb (0.4ms)
  Rendered /usr/local/lib/ruby/gems/2.2.0/gems/web-console-2.3.0/lib/web_console/templates/_inner_console_markup.html.erb within layouts/inlined_string (0.4ms)
  Rendered /usr/local/lib/ruby/gems/2.2.0/gems/web-console-2.3.0/lib/web_console/templates/_prompt_box_markup.html.erb within layouts/inlined_string (0.3ms)
  Rendered /usr/local/lib/ruby/gems/2.2.0/gems/web-console-2.3.0/lib/web_console/templates/style.css.erb within layouts/inlined_string (0.4ms)
  Rendered /usr/local/lib/ruby/gems/2.2.0/gems/web-console-2.3.0/lib/web_console/templates/console.js.erb within layouts/javascript (43.2ms)
  Rendered /usr/local/lib/ruby/gems/2.2.0/gems/web-console-2.3.0/lib/web_console/templates/main.js.erb within layouts/javascript (0.3ms)
  Rendered /usr/local/lib/ruby/gems/2.2.0/gems/web-console-2.3.0/lib/web_console/templates/error_page.js.erb within layouts/javascript (0.4ms)
  Rendered /usr/local/lib/ruby/gems/2.2.0/gems/web-console-2.3.0/lib/web_console/templates/index.html.erb (101.7ms)


Started POST "/pins" for ::1 at 2016-02-15 20:19:51 +0100
Processing by PinsController#create as HTML
  Parameters: {"utf8"=>"✓", "authenticity_token"=>"KB29tD+/GUni4hxtx8oGWWYw5atlwsNXVYBxHRsZ/uDRg81PWhM7FFi+uztF8q4hMB/SkTu3zyjS2rbUdRWUbQ==", "pin"=>{"title"=>"First pin", "description"=>"La pression d’entraîneur de très haut niveau, Zinédine Zidane va rapidement la connaître à l’occasion de la Ligue des champions. Le huitième de finale contre l’AS Rome est programmé dès mercredi, avec un match aller en Italie, loin de Santiago-Bernabéu, où les Merengues ont bien du mal depuis le changement d’entraîneur. En attendant, le technicien français affichait un large sourire après la victoire des siens lors de la venue de l’Athletic Bilbao (4-2), dans le cadre de la 24e journée de Liga."}, "commit"=>"Create Pin"}
  [1m[35m (0.1ms)[0m  begin transaction
  [1m[36mSQL (28.3ms)[0m  [1mINSERT INTO "pins" ("title", "description", "created_at", "updated_at") VALUES (?, ?, ?, ?)[0m  [["title", "First pin"], ["description", "La pression d’entraîneur de très haut niveau, Zinédine Zidane va rapidement la connaître à l’occasion de la Ligue des champions. Le huitième de finale contre l’AS Rome est programmé dès mercredi, avec un match aller en Italie, loin de Santiago-Bernabéu, où les Merengues ont bien du mal depuis le changement d’entraîneur. En attendant, le technicien français affichait un large sourire après la victoire des siens lors de la venue de l’Athletic Bilbao (4-2), dans le cadre de la 24e journée de Liga."], ["created_at", "2016-02-15 19:19:51.892575"], ["updated_at", "2016-02-15 19:19:51.892575"]]
  [1m[35m (1.0ms)[0m  commit transaction
Redirected to http://localhost:3000/pins/1
Completed 302 Found in 342ms (ActiveRecord: 29.8ms)


Started GET "/pins/1" for ::1 at 2016-02-15 20:19:52 +0100

AbstractController::ActionNotFound (The action 'show' could not be found for PinsController):
  actionpack (4.2.5) lib/abstract_controller/base.rb:132:in `process'
  actionview (4.2.5) lib/action_view/rendering.rb:30:in `process'
  actionpack (4.2.5) lib/action_controller/metal.rb:196:in `dispatch'
  actionpack (4.2.5) lib/action_controller/metal/rack_delegation.rb:13:in `dispatch'
  actionpack (4.2.5) lib/action_controller/metal.rb:237:in `block in action'
  actionpack (4.2.5) lib/action_dispatch/routing/route_set.rb:76:in `call'
  actionpack (4.2.5) lib/action_dispatch/routing/route_set.rb:76:in `dispatch'
  actionpack (4.2.5) lib/action_dispatch/routing/route_set.rb:45:in `serve'
  actionpack (4.2.5) lib/action_dispatch/journey/router.rb:43:in `block in serve'
  actionpack (4.2.5) lib/action_dispatch/journey/router.rb:30:in `each'
  actionpack (4.2.5) lib/action_dispatch/journey/router.rb:30:in `serve'
  actionpack (4.2.5) lib/action_dispatch/routing/route_set.rb:817:in `call'
  rack (1.6.4) lib/rack/etag.rb:24:in `call'
  rack (1.6.4) lib/rack/conditionalget.rb:25:in `call'
  rack (1.6.4) lib/rack/head.rb:13:in `call'
  actionpack (4.2.5) lib/action_dispatch/middleware/params_parser.rb:27:in `call'
  actionpack (4.2.5) lib/action_dispatch/middleware/flash.rb:260:in `call'
  rack (1.6.4) lib/rack/session/abstract/id.rb:225:in `context'
  rack (1.6.4) lib/rack/session/abstract/id.rb:220:in `call'
  actionpack (4.2.5) lib/action_dispatch/middleware/cookies.rb:560:in `call'
  activerecord (4.2.5) lib/active_record/query_cache.rb:36:in `call'
  activerecord (4.2.5) lib/active_record/connection_adapters/abstract/connection_pool.rb:653:in `call'
  activerecord (4.2.5) lib/active_record/migration.rb:377:in `call'
  actionpack (4.2.5) lib/action_dispatch/middleware/callbacks.rb:29:in `block in call'
  activesupport (4.2.5) lib/active_support/callbacks.rb:88:in `__run_callbacks__'
  activesupport (4.2.5) lib/active_support/callbacks.rb:778:in `_run_call_callbacks'
  activesupport (4.2.5) lib/active_support/callbacks.rb:81:in `run_callbacks'
  actionpack (4.2.5) lib/action_dispatch/middleware/callbacks.rb:27:in `call'
  actionpack (4.2.5) lib/action_dispatch/middleware/reloader.rb:73:in `call'
  actionpack (4.2.5) lib/action_dispatch/middleware/remote_ip.rb:78:in `call'
  actionpack (4.2.5) lib/action_dispatch/middleware/debug_exceptions.rb:17:in `call'
  web-console (2.3.0) lib/web_console/middleware.rb:28:in `block in call'
  web-console (2.3.0) lib/web_console/middleware.rb:18:in `catch'
  web-console (2.3.0) lib/web_console/middleware.rb:18:in `call'
  actionpack (4.2.5) lib/action_dispatch/middleware/show_exceptions.rb:30:in `call'
  railties (4.2.5) lib/rails/rack/logger.rb:38:in `call_app'
  railties (4.2.5) lib/rails/rack/logger.rb:20:in `block in call'
  activesupport (4.2.5) lib/active_support/tagged_logging.rb:68:in `block in tagged'
  activesupport (4.2.5) lib/active_support/tagged_logging.rb:26:in `tagged'
  activesupport (4.2.5) lib/active_support/tagged_logging.rb:68:in `tagged'
  railties (4.2.5) lib/rails/rack/logger.rb:20:in `call'
  actionpack (4.2.5) lib/action_dispatch/middleware/request_id.rb:21:in `call'
  rack (1.6.4) lib/rack/methodoverride.rb:22:in `call'
  rack (1.6.4) lib/rack/runtime.rb:18:in `call'
  activesupport (4.2.5) lib/active_support/cache/strategy/local_cache_middleware.rb:28:in `call'
  rack (1.6.4) lib/rack/lock.rb:17:in `call'
  actionpack (4.2.5) lib/action_dispatch/middleware/static.rb:116:in `call'
  rack (1.6.4) lib/rack/sendfile.rb:113:in `call'
  railties (4.2.5) lib/rails/engine.rb:518:in `call'
  railties (4.2.5) lib/rails/application.rb:165:in `call'
  rack (1.6.4) lib/rack/lock.rb:17:in `call'
  rack (1.6.4) lib/rack/content_length.rb:15:in `call'
  rack (1.6.4) lib/rack/handler/webrick.rb:88:in `service'
  /usr/local/Cellar/ruby/2.2.3/lib/ruby/2.2.0/webrick/httpserver.rb:138:in `service'
  /usr/local/Cellar/ruby/2.2.3/lib/ruby/2.2.0/webrick/httpserver.rb:94:in `run'
  /usr/local/Cellar/ruby/2.2.3/lib/ruby/2.2.0/webrick/server.rb:294:in `block in start_thread'


  Rendered /usr/local/lib/ruby/gems/2.2.0/gems/actionpack-4.2.5/lib/action_dispatch/middleware/templates/rescues/unknown_action.html.erb within rescues/layout (0.4ms)
  Rendered /usr/local/lib/ruby/gems/2.2.0/gems/web-console-2.3.0/lib/web_console/templates/_markup.html.erb (0.4ms)
  Rendered /usr/local/lib/ruby/gems/2.2.0/gems/web-console-2.3.0/lib/web_console/templates/_inner_console_markup.html.erb within layouts/inlined_string (0.3ms)
  Rendered /usr/local/lib/ruby/gems/2.2.0/gems/web-console-2.3.0/lib/web_console/templates/_prompt_box_markup.html.erb within layouts/inlined_string (0.3ms)
  Rendered /usr/local/lib/ruby/gems/2.2.0/gems/web-console-2.3.0/lib/web_console/templates/style.css.erb within layouts/inlined_string (0.3ms)
  Rendered /usr/local/lib/ruby/gems/2.2.0/gems/web-console-2.3.0/lib/web_console/templates/console.js.erb within layouts/javascript (42.9ms)
  Rendered /usr/local/lib/ruby/gems/2.2.0/gems/web-console-2.3.0/lib/web_console/templates/main.js.erb within layouts/javascript (0.2ms)
  Rendered /usr/local/lib/ruby/gems/2.2.0/gems/web-console-2.3.0/lib/web_console/templates/error_page.js.erb within layouts/javascript (0.4ms)
  Rendered /usr/local/lib/ruby/gems/2.2.0/gems/web-console-2.3.0/lib/web_console/templates/index.html.erb (94.3ms)


Started POST "/pins" for ::1 at 2016-02-15 21:02:09 +0100
Processing by PinsController#create as HTML
  Parameters: {"utf8"=>"✓", "authenticity_token"=>"KB29tD+/GUni4hxtx8oGWWYw5atlwsNXVYBxHRsZ/uDRg81PWhM7FFi+uztF8q4hMB/SkTu3zyjS2rbUdRWUbQ==", "pin"=>{"title"=>"First pin", "description"=>"La pression d’entraîneur de très haut niveau, Zinédine Zidane va rapidement la connaître à l’occasion de la Ligue des champions. Le huitième de finale contre l’AS Rome est programmé dès mercredi, avec un match aller en Italie, loin de Santiago-Bernabéu, où les Merengues ont bien du mal depuis le changement d’entraîneur. En attendant, le technicien français affichait un large sourire après la victoire des siens lors de la venue de l’Athletic Bilbao (4-2), dans le cadre de la 24e journée de Liga."}, "commit"=>"Create Pin"}
  [1m[36m (0.1ms)[0m  [1mbegin transaction[0m
  [1m[35mSQL (0.3ms)[0m  INSERT INTO "pins" ("title", "description", "created_at", "updated_at") VALUES (?, ?, ?, ?)  [["title", "First pin"], ["description", "La pression d’entraîneur de très haut niveau, Zinédine Zidane va rapidement la connaître à l’occasion de la Ligue des champions. Le huitième de finale contre l’AS Rome est programmé dès mercredi, avec un match aller en Italie, loin de Santiago-Bernabéu, où les Merengues ont bien du mal depuis le changement d’entraîneur. En attendant, le technicien français affichait un large sourire après la victoire des siens lors de la venue de l’Athletic Bilbao (4-2), dans le cadre de la 24e journée de Liga."], ["created_at", "2016-02-15 20:02:10.075627"], ["updated_at", "2016-02-15 20:02:10.075627"]]
  [1m[36m (1.5ms)[0m  [1mcommit transaction[0m
Redirected to http://localhost:3000/pins/2
Completed 302 Found in 26ms (ActiveRecord: 2.3ms)


Started GET "/pins/2" for ::1 at 2016-02-15 21:02:10 +0100
Processing by PinsController#show as HTML
  Parameters: {"id"=>"2"}
  [1m[35mPin Load (0.2ms)[0m  SELECT  "pins".* FROM "pins" WHERE "pins"."id" = ? LIMIT 1  [["id", 2]]
  Rendered pins/show.html.haml within layouts/application (2.1ms)
Completed 200 OK in 369ms (Views: 92.6ms | ActiveRecord: 0.2ms)


Started GET "/pins/2" for ::1 at 2016-02-15 21:02:18 +0100
Processing by PinsController#show as HTML
  Parameters: {"id"=>"2"}
  [1m[36mPin Load (0.1ms)[0m  [1mSELECT  "pins".* FROM "pins" WHERE "pins"."id" = ? LIMIT 1[0m  [["id", 2]]
  Rendered pins/show.html.haml within layouts/application (1.1ms)
Completed 200 OK in 17ms (Views: 16.0ms | ActiveRecord: 0.1ms)


Started GET "/assets/pins.self-e3b0c44298fc1c149afbf4c8996fb92427ae41e4649b934ca495991b7852b855.css?body=1" for ::1 at 2016-02-15 21:02:18 +0100


Started GET "/assets/application.self-e80e8f2318043e8af94dddc2adad5a4f09739a8ebb323b3ab31cd71d45fd9113.css?body=1" for ::1 at 2016-02-15 21:02:18 +0100


Started GET "/assets/jquery.self-c64a74367bda6ef8b860f19e74df08927ca99d2be2ac934e9e92d5fd361e0da4.js?body=1" for ::1 at 2016-02-15 21:02:18 +0100


Started GET "/assets/jquery_ujs.self-d602bdfe68ffc63b9f9cc512872aa3cfff046228a0a36e90dd476e8ef54c1b09.js?body=1" for ::1 at 2016-02-15 21:02:18 +0100


Started GET "/assets/turbolinks.self-c37727e9bd6b2735da5c311aa83fead54ed0be6cc8bd9a65309e9c5abe2cbfff.js?body=1" for ::1 at 2016-02-15 21:02:18 +0100


Started GET "/assets/pins.self-877aef30ae1b040ab8a3aba4e3e309a11d7f2612f44dde450b5c157aa5f95c05.js?body=1" for ::1 at 2016-02-15 21:02:18 +0100


Started GET "/assets/application.self-3b8dabdc891efe46b9a144b400ad69e37d7e5876bdc39dee783419a69d7ca819.js?body=1" for ::1 at 2016-02-15 21:02:18 +0100


Started GET "/pins/2" for ::1 at 2016-02-15 21:04:59 +0100
Processing by PinsController#show as HTML
  Parameters: {"id"=>"2"}
  [1m[35mPin Load (0.1ms)[0m  SELECT  "pins".* FROM "pins" WHERE "pins"."id" = ? LIMIT 1  [["id", 2]]
  Rendered pins/show.html.haml within layouts/application (2.4ms)
Completed 200 OK in 63ms (Views: 62.1ms | ActiveRecord: 0.1ms)


Started GET "/assets/pins.self-e3b0c44298fc1c149afbf4c8996fb92427ae41e4649b934ca495991b7852b855.css?body=1" for ::1 at 2016-02-15 21:04:59 +0100


Started GET "/assets/application.self-e80e8f2318043e8af94dddc2adad5a4f09739a8ebb323b3ab31cd71d45fd9113.css?body=1" for ::1 at 2016-02-15 21:04:59 +0100


Started GET "/assets/application.self-3b8dabdc891efe46b9a144b400ad69e37d7e5876bdc39dee783419a69d7ca819.js?body=1" for ::1 at 2016-02-15 21:04:59 +0100


Started GET "/assets/jquery.self-c64a74367bda6ef8b860f19e74df08927ca99d2be2ac934e9e92d5fd361e0da4.js?body=1" for ::1 at 2016-02-15 21:04:59 +0100


Started GET "/assets/pins.self-877aef30ae1b040ab8a3aba4e3e309a11d7f2612f44dde450b5c157aa5f95c05.js?body=1" for ::1 at 2016-02-15 21:04:59 +0100


Started GET "/assets/turbolinks.self-c37727e9bd6b2735da5c311aa83fead54ed0be6cc8bd9a65309e9c5abe2cbfff.js?body=1" for ::1 at 2016-02-15 21:04:59 +0100


Started GET "/assets/jquery_ujs.self-d602bdfe68ffc63b9f9cc512872aa3cfff046228a0a36e90dd476e8ef54c1b09.js?body=1" for ::1 at 2016-02-15 21:04:59 +0100


Started GET "/" for ::1 at 2016-02-15 21:05:05 +0100
Processing by PinsController#index as HTML
  Rendered pins/index.html.haml within layouts/application (0.9ms)
Completed 200 OK in 25ms (Views: 24.2ms | ActiveRecord: 0.0ms)


Started GET "/" for ::1 at 2016-02-15 21:10:07 +0100
Processing by PinsController#index as HTML
  [1m[36mPin Load (0.3ms)[0m  [1mSELECT "pins".* FROM "pins"  ORDER BY created_at DESC[0m
  Rendered pins/index.html.haml within layouts/application (20.6ms)
Completed 500 Internal Server Error in 42ms (ActiveRecord: 0.5ms)

ActionView::Template::Error (undefined local variable or method `pins' for #<#<Class:0x007fa669cda840>:0x007fa664382518>):
    1: - pins.each do |pin|
    2:   %h2= lint_to pin.title, pin
  app/views/pins/index.html.haml:1:in `_app_views_pins_index_html_haml___1429611260292616396_70176311346540'


  Rendered /usr/local/lib/ruby/gems/2.2.0/gems/actionpack-4.2.5/lib/action_dispatch/middleware/templates/rescues/_source.erb (5.2ms)
  Rendered /usr/local/lib/ruby/gems/2.2.0/gems/actionpack-4.2.5/lib/action_dispatch/middleware/templates/rescues/_trace.html.erb (2.2ms)
  Rendered /usr/local/lib/ruby/gems/2.2.0/gems/actionpack-4.2.5/lib/action_dispatch/middleware/templates/rescues/_request_and_response.html.erb (0.8ms)
  Rendered /usr/local/lib/ruby/gems/2.2.0/gems/actionpack-4.2.5/lib/action_dispatch/middleware/templates/rescues/template_error.html.erb within rescues/layout (54.4ms)
  Rendered /usr/local/lib/ruby/gems/2.2.0/gems/web-console-2.3.0/lib/web_console/templates/_markup.html.erb (0.5ms)
  Rendered /usr/local/lib/ruby/gems/2.2.0/gems/web-console-2.3.0/lib/web_console/templates/_inner_console_markup.html.erb within layouts/inlined_string (0.3ms)
  Rendered /usr/local/lib/ruby/gems/2.2.0/gems/web-console-2.3.0/lib/web_console/templates/_prompt_box_markup.html.erb within layouts/inlined_string (0.3ms)
  Rendered /usr/local/lib/ruby/gems/2.2.0/gems/web-console-2.3.0/lib/web_console/templates/style.css.erb within layouts/inlined_string (0.3ms)
  Rendered /usr/local/lib/ruby/gems/2.2.0/gems/web-console-2.3.0/lib/web_console/templates/console.js.erb within layouts/javascript (45.1ms)
  Rendered /usr/local/lib/ruby/gems/2.2.0/gems/web-console-2.3.0/lib/web_console/templates/main.js.erb within layouts/javascript (0.3ms)
  Rendered /usr/local/lib/ruby/gems/2.2.0/gems/web-console-2.3.0/lib/web_console/templates/error_page.js.erb within layouts/javascript (0.3ms)
  Rendered /usr/local/lib/ruby/gems/2.2.0/gems/web-console-2.3.0/lib/web_console/templates/index.html.erb (111.7ms)


Started GET "/" for ::1 at 2016-02-15 21:10:24 +0100
Processing by PinsController#index as HTML
  [1m[35mPin Load (0.3ms)[0m  SELECT "pins".* FROM "pins"  ORDER BY created_at DESC
  Rendered pins/index.html.haml within layouts/application (15.7ms)
Completed 500 Internal Server Error in 22ms (ActiveRecord: 0.5ms)

ActionView::Template::Error (undefined local variable or method `pins' for #<#<Class:0x007fa669e8ad70>:0x007fa66a982e30>):
    1: - pins.each do |pin|
    2:   %h2= lint_to pin.title, pin
  app/views/pins/index.html.haml:1:in `_app_views_pins_index_html_haml___1429611260292616396_70176311346540'


  Rendered /usr/local/lib/ruby/gems/2.2.0/gems/actionpack-4.2.5/lib/action_dispatch/middleware/templates/rescues/_source.erb (5.0ms)
  Rendered /usr/local/lib/ruby/gems/2.2.0/gems/actionpack-4.2.5/lib/action_dispatch/middleware/templates/rescues/_trace.html.erb (3.3ms)
  Rendered /usr/local/lib/ruby/gems/2.2.0/gems/actionpack-4.2.5/lib/action_dispatch/middleware/templates/rescues/_request_and_response.html.erb (0.8ms)
  Rendered /usr/local/lib/ruby/gems/2.2.0/gems/actionpack-4.2.5/lib/action_dispatch/middleware/templates/rescues/template_error.html.erb within rescues/layout (54.6ms)
  Rendered /usr/local/lib/ruby/gems/2.2.0/gems/web-console-2.3.0/lib/web_console/templates/_markup.html.erb (0.3ms)
  Rendered /usr/local/lib/ruby/gems/2.2.0/gems/web-console-2.3.0/lib/web_console/templates/_inner_console_markup.html.erb within layouts/inlined_string (0.3ms)
  Rendered /usr/local/lib/ruby/gems/2.2.0/gems/web-console-2.3.0/lib/web_console/templates/_prompt_box_markup.html.erb within layouts/inlined_string (0.2ms)
  Rendered /usr/local/lib/ruby/gems/2.2.0/gems/web-console-2.3.0/lib/web_console/templates/style.css.erb within layouts/inlined_string (0.4ms)
  Rendered /usr/local/lib/ruby/gems/2.2.0/gems/web-console-2.3.0/lib/web_console/templates/console.js.erb within layouts/javascript (42.3ms)
  Rendered /usr/local/lib/ruby/gems/2.2.0/gems/web-console-2.3.0/lib/web_console/templates/main.js.erb within layouts/javascript (0.3ms)
  Rendered /usr/local/lib/ruby/gems/2.2.0/gems/web-console-2.3.0/lib/web_console/templates/error_page.js.erb within layouts/javascript (0.4ms)
  Rendered /usr/local/lib/ruby/gems/2.2.0/gems/web-console-2.3.0/lib/web_console/templates/index.html.erb (93.3ms)


Started GET "/" for ::1 at 2016-02-15 21:10:57 +0100
Processing by PinsController#index as HTML
  [1m[36mPin Load (0.1ms)[0m  [1mSELECT "pins".* FROM "pins"  ORDER BY created_at DESC[0m
  Rendered pins/index.html.haml within layouts/application (12.0ms)
Completed 500 Internal Server Error in 16ms (ActiveRecord: 0.1ms)

ActionView::Template::Error (undefined method `lint_to' for #<#<Class:0x007fa669e8ad70>:0x007fa669859a00>):
    1: - @pins.each do |pin|
    2:   %h2= lint_to pin.title, pin
  app/views/pins/index.html.haml:2:in `block in _app_views_pins_index_html_haml___1429611260292616396_70176311966620'
  app/views/pins/index.html.haml:1:in `_app_views_pins_index_html_haml___1429611260292616396_70176311966620'


  Rendered /usr/local/lib/ruby/gems/2.2.0/gems/actionpack-4.2.5/lib/action_dispatch/middleware/templates/rescues/_source.erb (5.2ms)
  Rendered /usr/local/lib/ruby/gems/2.2.0/gems/actionpack-4.2.5/lib/action_dispatch/middleware/templates/rescues/_trace.html.erb (2.1ms)
  Rendered /usr/local/lib/ruby/gems/2.2.0/gems/actionpack-4.2.5/lib/action_dispatch/middleware/templates/rescues/_request_and_response.html.erb (0.8ms)
  Rendered /usr/local/lib/ruby/gems/2.2.0/gems/actionpack-4.2.5/lib/action_dispatch/middleware/templates/rescues/template_error.html.erb within rescues/layout (50.6ms)
  Rendered /usr/local/lib/ruby/gems/2.2.0/gems/web-console-2.3.0/lib/web_console/templates/_markup.html.erb (0.3ms)
  Rendered /usr/local/lib/ruby/gems/2.2.0/gems/web-console-2.3.0/lib/web_console/templates/_inner_console_markup.html.erb within layouts/inlined_string (0.3ms)
  Rendered /usr/local/lib/ruby/gems/2.2.0/gems/web-console-2.3.0/lib/web_console/templates/_prompt_box_markup.html.erb within layouts/inlined_string (0.2ms)
  Rendered /usr/local/lib/ruby/gems/2.2.0/gems/web-console-2.3.0/lib/web_console/templates/style.css.erb within layouts/inlined_string (0.2ms)
  Rendered /usr/local/lib/ruby/gems/2.2.0/gems/web-console-2.3.0/lib/web_console/templates/console.js.erb within layouts/javascript (40.5ms)
  Rendered /usr/local/lib/ruby/gems/2.2.0/gems/web-console-2.3.0/lib/web_console/templates/main.js.erb within layouts/javascript (0.2ms)
  Rendered /usr/local/lib/ruby/gems/2.2.0/gems/web-console-2.3.0/lib/web_console/templates/error_page.js.erb within layouts/javascript (0.3ms)
  Rendered /usr/local/lib/ruby/gems/2.2.0/gems/web-console-2.3.0/lib/web_console/templates/index.html.erb (89.8ms)


Started GET "/" for ::1 at 2016-02-15 21:11:06 +0100
Processing by PinsController#index as HTML
  [1m[35mPin Load (0.2ms)[0m  SELECT "pins".* FROM "pins"  ORDER BY created_at DESC
  Rendered pins/index.html.haml within layouts/application (2.0ms)
Completed 200 OK in 64ms (Views: 63.3ms | ActiveRecord: 0.2ms)


Started GET "/assets/pins.self-e3b0c44298fc1c149afbf4c8996fb92427ae41e4649b934ca495991b7852b855.css?body=1" for ::1 at 2016-02-15 21:11:06 +0100


Started GET "/assets/application.self-e80e8f2318043e8af94dddc2adad5a4f09739a8ebb323b3ab31cd71d45fd9113.css?body=1" for ::1 at 2016-02-15 21:11:06 +0100


Started GET "/assets/jquery_ujs.self-d602bdfe68ffc63b9f9cc512872aa3cfff046228a0a36e90dd476e8ef54c1b09.js?body=1" for ::1 at 2016-02-15 21:11:06 +0100


Started GET "/assets/jquery.self-c64a74367bda6ef8b860f19e74df08927ca99d2be2ac934e9e92d5fd361e0da4.js?body=1" for ::1 at 2016-02-15 21:11:06 +0100


Started GET "/assets/turbolinks.self-c37727e9bd6b2735da5c311aa83fead54ed0be6cc8bd9a65309e9c5abe2cbfff.js?body=1" for ::1 at 2016-02-15 21:11:06 +0100


Started GET "/assets/application.self-3b8dabdc891efe46b9a144b400ad69e37d7e5876bdc39dee783419a69d7ca819.js?body=1" for ::1 at 2016-02-15 21:11:06 +0100


Started GET "/assets/pins.self-877aef30ae1b040ab8a3aba4e3e309a11d7f2612f44dde450b5c157aa5f95c05.js?body=1" for ::1 at 2016-02-15 21:11:06 +0100


Started GET "/" for ::1 at 2016-02-15 21:11:17 +0100
Processing by PinsController#index as HTML
  Rendered pins/index.html.haml within layouts/application (1.1ms)
Completed 500 Internal Server Error in 5ms (ActiveRecord: 0.0ms)

ActionView::Template::Error (Illegal nesting: nesting within plain text is illegal.):
    1: @pins.each do |pin|
    2:   %h2= link_to pin.title, pin
  app/views/pins/index.html.haml:2


  Rendered /usr/local/lib/ruby/gems/2.2.0/gems/actionpack-4.2.5/lib/action_dispatch/middleware/templates/rescues/_source.erb (5.4ms)
  Rendered /usr/local/lib/ruby/gems/2.2.0/gems/actionpack-4.2.5/lib/action_dispatch/middleware/templates/rescues/_trace.html.erb (2.2ms)
  Rendered /usr/local/lib/ruby/gems/2.2.0/gems/actionpack-4.2.5/lib/action_dispatch/middleware/templates/rescues/_request_and_response.html.erb (0.8ms)
  Rendered /usr/local/lib/ruby/gems/2.2.0/gems/actionpack-4.2.5/lib/action_dispatch/middleware/templates/rescues/template_error.html.erb within rescues/layout (51.0ms)
  Rendered /usr/local/lib/ruby/gems/2.2.0/gems/web-console-2.3.0/lib/web_console/templates/_markup.html.erb (0.3ms)
  Rendered /usr/local/lib/ruby/gems/2.2.0/gems/web-console-2.3.0/lib/web_console/templates/_inner_console_markup.html.erb within layouts/inlined_string (0.3ms)
  Rendered /usr/local/lib/ruby/gems/2.2.0/gems/web-console-2.3.0/lib/web_console/templates/_prompt_box_markup.html.erb within layouts/inlined_string (0.3ms)
  Rendered /usr/local/lib/ruby/gems/2.2.0/gems/web-console-2.3.0/lib/web_console/templates/style.css.erb within layouts/inlined_string (0.3ms)
  Rendered /usr/local/lib/ruby/gems/2.2.0/gems/web-console-2.3.0/lib/web_console/templates/console.js.erb within layouts/javascript (40.8ms)
  Rendered /usr/local/lib/ruby/gems/2.2.0/gems/web-console-2.3.0/lib/web_console/templates/main.js.erb within layouts/javascript (0.2ms)
  Rendered /usr/local/lib/ruby/gems/2.2.0/gems/web-console-2.3.0/lib/web_console/templates/error_page.js.erb within layouts/javascript (0.4ms)
  Rendered /usr/local/lib/ruby/gems/2.2.0/gems/web-console-2.3.0/lib/web_console/templates/index.html.erb (90.5ms)


Started GET "/" for ::1 at 2016-02-15 21:11:33 +0100
Processing by PinsController#index as HTML
  [1m[36mPin Load (0.2ms)[0m  [1mSELECT "pins".* FROM "pins"  ORDER BY created_at DESC[0m
  Rendered pins/index.html.haml within layouts/application (1.8ms)
Completed 200 OK in 14ms (Views: 13.2ms | ActiveRecord: 0.2ms)


Started GET "/assets/application.self-e80e8f2318043e8af94dddc2adad5a4f09739a8ebb323b3ab31cd71d45fd9113.css?body=1" for ::1 at 2016-02-15 21:11:33 +0100


Started GET "/assets/pins.self-e3b0c44298fc1c149afbf4c8996fb92427ae41e4649b934ca495991b7852b855.css?body=1" for ::1 at 2016-02-15 21:11:33 +0100


Started GET "/assets/jquery.self-c64a74367bda6ef8b860f19e74df08927ca99d2be2ac934e9e92d5fd361e0da4.js?body=1" for ::1 at 2016-02-15 21:11:33 +0100


Started GET "/assets/application.self-3b8dabdc891efe46b9a144b400ad69e37d7e5876bdc39dee783419a69d7ca819.js?body=1" for ::1 at 2016-02-15 21:11:33 +0100


Started GET "/assets/jquery_ujs.self-d602bdfe68ffc63b9f9cc512872aa3cfff046228a0a36e90dd476e8ef54c1b09.js?body=1" for ::1 at 2016-02-15 21:11:33 +0100


Started GET "/assets/pins.self-877aef30ae1b040ab8a3aba4e3e309a11d7f2612f44dde450b5c157aa5f95c05.js?body=1" for ::1 at 2016-02-15 21:11:33 +0100


Started GET "/assets/turbolinks.self-c37727e9bd6b2735da5c311aa83fead54ed0be6cc8bd9a65309e9c5abe2cbfff.js?body=1" for ::1 at 2016-02-15 21:11:33 +0100


Started GET "/" for ::1 at 2016-02-15 21:15:06 +0100
Processing by PinsController#index as HTML
  [1m[35mPin Load (0.3ms)[0m  SELECT "pins".* FROM "pins"  ORDER BY created_at DESC
  Rendered pins/index.html.haml within layouts/application (4.1ms)
Completed 200 OK in 82ms (Views: 65.2ms | ActiveRecord: 0.6ms)


Started GET "/assets/pins.self-e3b0c44298fc1c149afbf4c8996fb92427ae41e4649b934ca495991b7852b855.css?body=1" for ::1 at 2016-02-15 21:15:06 +0100


Started GET "/assets/application.self-e80e8f2318043e8af94dddc2adad5a4f09739a8ebb323b3ab31cd71d45fd9113.css?body=1" for ::1 at 2016-02-15 21:15:06 +0100


Started GET "/assets/turbolinks.self-c37727e9bd6b2735da5c311aa83fead54ed0be6cc8bd9a65309e9c5abe2cbfff.js?body=1" for ::1 at 2016-02-15 21:15:06 +0100


Started GET "/assets/application.self-3b8dabdc891efe46b9a144b400ad69e37d7e5876bdc39dee783419a69d7ca819.js?body=1" for ::1 at 2016-02-15 21:15:06 +0100


Started GET "/assets/jquery_ujs.self-d602bdfe68ffc63b9f9cc512872aa3cfff046228a0a36e90dd476e8ef54c1b09.js?body=1" for ::1 at 2016-02-15 21:15:06 +0100


Started GET "/assets/pins.self-877aef30ae1b040ab8a3aba4e3e309a11d7f2612f44dde450b5c157aa5f95c05.js?body=1" for ::1 at 2016-02-15 21:15:06 +0100


Started GET "/assets/jquery.self-c64a74367bda6ef8b860f19e74df08927ca99d2be2ac934e9e92d5fd361e0da4.js?body=1" for ::1 at 2016-02-15 21:15:06 +0100


Started GET "/pins/2" for ::1 at 2016-02-15 21:15:07 +0100
Processing by PinsController#show as HTML
  Parameters: {"id"=>"2"}
  [1m[36mPin Load (0.2ms)[0m  [1mSELECT  "pins".* FROM "pins" WHERE "pins"."id" = ? LIMIT 1[0m  [["id", 2]]
  Rendered pins/show.html.haml within layouts/application (1.4ms)
Completed 200 OK in 31ms (Views: 29.7ms | ActiveRecord: 0.2ms)


Started GET "/" for ::1 at 2016-02-15 21:15:09 +0100
Processing by PinsController#index as HTML
  [1m[35mPin Load (0.1ms)[0m  SELECT "pins".* FROM "pins"  ORDER BY created_at DESC
  Rendered pins/index.html.haml within layouts/application (1.7ms)
Completed 200 OK in 14ms (Views: 13.2ms | ActiveRecord: 0.1ms)


Started GET "/" for ::1 at 2016-02-15 21:17:36 +0100
Processing by PinsController#index as HTML
  [1m[36mPin Load (0.2ms)[0m  [1mSELECT "pins".* FROM "pins"  ORDER BY created_at DESC[0m
  Rendered pins/index.html.haml within layouts/application (1.0ms)
Completed 200 OK in 71ms (Views: 69.7ms | ActiveRecord: 0.2ms)


Started GET "/assets/pins.self-e3b0c44298fc1c149afbf4c8996fb92427ae41e4649b934ca495991b7852b855.css?body=1" for ::1 at 2016-02-15 21:17:36 +0100


Started GET "/assets/application.self-e80e8f2318043e8af94dddc2adad5a4f09739a8ebb323b3ab31cd71d45fd9113.css?body=1" for ::1 at 2016-02-15 21:17:36 +0100


Started GET "/assets/jquery.self-c64a74367bda6ef8b860f19e74df08927ca99d2be2ac934e9e92d5fd361e0da4.js?body=1" for ::1 at 2016-02-15 21:17:36 +0100


Started GET "/assets/application.self-3b8dabdc891efe46b9a144b400ad69e37d7e5876bdc39dee783419a69d7ca819.js?body=1" for ::1 at 2016-02-15 21:17:36 +0100


Started GET "/assets/turbolinks.self-c37727e9bd6b2735da5c311aa83fead54ed0be6cc8bd9a65309e9c5abe2cbfff.js?body=1" for ::1 at 2016-02-15 21:17:36 +0100


Started GET "/assets/jquery_ujs.self-d602bdfe68ffc63b9f9cc512872aa3cfff046228a0a36e90dd476e8ef54c1b09.js?body=1" for ::1 at 2016-02-15 21:17:36 +0100


Started GET "/assets/pins.self-877aef30ae1b040ab8a3aba4e3e309a11d7f2612f44dde450b5c157aa5f95c05.js?body=1" for ::1 at 2016-02-15 21:17:36 +0100


Started GET "/pins/2" for ::1 at 2016-02-15 21:17:38 +0100
Processing by PinsController#show as HTML
  Parameters: {"id"=>"2"}
  [1m[35mPin Load (0.1ms)[0m  SELECT  "pins".* FROM "pins" WHERE "pins"."id" = ? LIMIT 1  [["id", 2]]
  Rendered pins/show.html.haml within layouts/application (0.3ms)
Completed 200 OK in 52ms (Views: 51.1ms | ActiveRecord: 0.1ms)


Started GET "/pins/2" for ::1 at 2016-02-15 21:17:39 +0100
Processing by PinsController#show as HTML
  Parameters: {"id"=>"2"}
  [1m[36mPin Load (0.1ms)[0m  [1mSELECT  "pins".* FROM "pins" WHERE "pins"."id" = ? LIMIT 1[0m  [["id", 2]]
  Rendered pins/show.html.haml within layouts/application (0.2ms)
Completed 200 OK in 13ms (Views: 11.6ms | ActiveRecord: 0.1ms)


Started GET "/assets/application.self-e80e8f2318043e8af94dddc2adad5a4f09739a8ebb323b3ab31cd71d45fd9113.css?body=1" for ::1 at 2016-02-15 21:17:39 +0100


Started GET "/assets/pins.self-e3b0c44298fc1c149afbf4c8996fb92427ae41e4649b934ca495991b7852b855.css?body=1" for ::1 at 2016-02-15 21:17:39 +0100


Started GET "/assets/jquery_ujs.self-d602bdfe68ffc63b9f9cc512872aa3cfff046228a0a36e90dd476e8ef54c1b09.js?body=1" for ::1 at 2016-02-15 21:17:39 +0100


Started GET "/assets/turbolinks.self-c37727e9bd6b2735da5c311aa83fead54ed0be6cc8bd9a65309e9c5abe2cbfff.js?body=1" for ::1 at 2016-02-15 21:17:39 +0100


Started GET "/assets/jquery.self-c64a74367bda6ef8b860f19e74df08927ca99d2be2ac934e9e92d5fd361e0da4.js?body=1" for ::1 at 2016-02-15 21:17:39 +0100


Started GET "/assets/pins.self-877aef30ae1b040ab8a3aba4e3e309a11d7f2612f44dde450b5c157aa5f95c05.js?body=1" for ::1 at 2016-02-15 21:17:39 +0100


Started GET "/assets/application.self-3b8dabdc891efe46b9a144b400ad69e37d7e5876bdc39dee783419a69d7ca819.js?body=1" for ::1 at 2016-02-15 21:17:39 +0100


Started GET "/pins/2" for ::1 at 2016-02-15 21:18:01 +0100
Processing by PinsController#show as HTML
  Parameters: {"id"=>"2"}
  [1m[35mPin Load (0.1ms)[0m  SELECT  "pins".* FROM "pins" WHERE "pins"."id" = ? LIMIT 1  [["id", 2]]
  Rendered pins/show.html.haml within layouts/application (1.4ms)
Completed 200 OK in 14ms (Views: 12.9ms | ActiveRecord: 0.1ms)


Started GET "/assets/pins.self-e3b0c44298fc1c149afbf4c8996fb92427ae41e4649b934ca495991b7852b855.css?body=1" for ::1 at 2016-02-15 21:18:01 +0100


Started GET "/assets/application.self-e80e8f2318043e8af94dddc2adad5a4f09739a8ebb323b3ab31cd71d45fd9113.css?body=1" for ::1 at 2016-02-15 21:18:01 +0100


Started GET "/assets/jquery.self-c64a74367bda6ef8b860f19e74df08927ca99d2be2ac934e9e92d5fd361e0da4.js?body=1" for ::1 at 2016-02-15 21:18:01 +0100


Started GET "/assets/turbolinks.self-c37727e9bd6b2735da5c311aa83fead54ed0be6cc8bd9a65309e9c5abe2cbfff.js?body=1" for ::1 at 2016-02-15 21:18:01 +0100


Started GET "/assets/jquery_ujs.self-d602bdfe68ffc63b9f9cc512872aa3cfff046228a0a36e90dd476e8ef54c1b09.js?body=1" for ::1 at 2016-02-15 21:18:01 +0100


Started GET "/assets/application.self-3b8dabdc891efe46b9a144b400ad69e37d7e5876bdc39dee783419a69d7ca819.js?body=1" for ::1 at 2016-02-15 21:18:01 +0100


Started GET "/assets/pins.self-877aef30ae1b040ab8a3aba4e3e309a11d7f2612f44dde450b5c157aa5f95c05.js?body=1" for ::1 at 2016-02-15 21:18:01 +0100


Started GET "/pins/2/edit" for ::1 at 2016-02-15 21:18:03 +0100
Processing by PinsController#edit as HTML
  Parameters: {"id"=>"2"}
  [1m[36mPin Load (0.1ms)[0m  [1mSELECT  "pins".* FROM "pins" WHERE "pins"."id" = ? LIMIT 1[0m  [["id", 2]]
  Rendered pins/_form.html.haml (7.5ms)
  Rendered pins/edit.html.haml within layouts/application (31.0ms)
Completed 500 Internal Server Error in 75ms (ActiveRecord: 0.1ms)

ActionView::Template::Error (undefined local variable or method `pin' for #<#<Class:0x007fa669cd1e20>:0x007fa66baab540>):
    2: 
    3: = render 'form'
    4: 
    5: =link_to "Cancel", pin
  app/views/pins/edit.html.haml:5:in `_app_views_pins_edit_html_haml__3588671099464535154_70176373821700'


  Rendered /usr/local/lib/ruby/gems/2.2.0/gems/actionpack-4.2.5/lib/action_dispatch/middleware/templates/rescues/_source.erb (5.2ms)
  Rendered /usr/local/lib/ruby/gems/2.2.0/gems/actionpack-4.2.5/lib/action_dispatch/middleware/templates/rescues/_trace.html.erb (2.2ms)
  Rendered /usr/local/lib/ruby/gems/2.2.0/gems/actionpack-4.2.5/lib/action_dispatch/middleware/templates/rescues/_request_and_response.html.erb (0.7ms)
  Rendered /usr/local/lib/ruby/gems/2.2.0/gems/actionpack-4.2.5/lib/action_dispatch/middleware/templates/rescues/template_error.html.erb within rescues/layout (51.2ms)
  Rendered /usr/local/lib/ruby/gems/2.2.0/gems/web-console-2.3.0/lib/web_console/templates/_markup.html.erb (0.3ms)
  Rendered /usr/local/lib/ruby/gems/2.2.0/gems/web-console-2.3.0/lib/web_console/templates/_inner_console_markup.html.erb within layouts/inlined_string (0.3ms)
  Rendered /usr/local/lib/ruby/gems/2.2.0/gems/web-console-2.3.0/lib/web_console/templates/_prompt_box_markup.html.erb within layouts/inlined_string (0.2ms)
  Rendered /usr/local/lib/ruby/gems/2.2.0/gems/web-console-2.3.0/lib/web_console/templates/style.css.erb within layouts/inlined_string (0.3ms)
  Rendered /usr/local/lib/ruby/gems/2.2.0/gems/web-console-2.3.0/lib/web_console/templates/console.js.erb within layouts/javascript (42.2ms)
  Rendered /usr/local/lib/ruby/gems/2.2.0/gems/web-console-2.3.0/lib/web_console/templates/main.js.erb within layouts/javascript (0.2ms)
  Rendered /usr/local/lib/ruby/gems/2.2.0/gems/web-console-2.3.0/lib/web_console/templates/error_page.js.erb within layouts/javascript (0.3ms)
  Rendered /usr/local/lib/ruby/gems/2.2.0/gems/web-console-2.3.0/lib/web_console/templates/index.html.erb (93.4ms)


Started GET "/pins/2/edit" for ::1 at 2016-02-15 21:18:03 +0100
Processing by PinsController#edit as HTML
  Parameters: {"id"=>"2"}
  [1m[35mPin Load (0.1ms)[0m  SELECT  "pins".* FROM "pins" WHERE "pins"."id" = ? LIMIT 1  [["id", 2]]
  Rendered pins/_form.html.haml (4.8ms)
  Rendered pins/edit.html.haml within layouts/application (16.7ms)
Completed 500 Internal Server Error in 21ms (ActiveRecord: 0.1ms)

ActionView::Template::Error (undefined local variable or method `pin' for #<#<Class:0x007fa669cd1e20>:0x007fa669d50ce8>):
    2: 
    3: = render 'form'
    4: 
    5: =link_to "Cancel", pin
  app/views/pins/edit.html.haml:5:in `_app_views_pins_edit_html_haml__3588671099464535154_70176364518340'


  Rendered /usr/local/lib/ruby/gems/2.2.0/gems/actionpack-4.2.5/lib/action_dispatch/middleware/templates/rescues/_source.erb (4.6ms)
  Rendered /usr/local/lib/ruby/gems/2.2.0/gems/actionpack-4.2.5/lib/action_dispatch/middleware/templates/rescues/_trace.html.erb (2.0ms)
  Rendered /usr/local/lib/ruby/gems/2.2.0/gems/actionpack-4.2.5/lib/action_dispatch/middleware/templates/rescues/_request_and_response.html.erb (0.7ms)
  Rendered /usr/local/lib/ruby/gems/2.2.0/gems/actionpack-4.2.5/lib/action_dispatch/middleware/templates/rescues/template_error.html.erb within rescues/layout (49.4ms)
  Rendered /usr/local/lib/ruby/gems/2.2.0/gems/web-console-2.3.0/lib/web_console/templates/_markup.html.erb (0.3ms)
  Rendered /usr/local/lib/ruby/gems/2.2.0/gems/web-console-2.3.0/lib/web_console/templates/_inner_console_markup.html.erb within layouts/inlined_string (0.2ms)
  Rendered /usr/local/lib/ruby/gems/2.2.0/gems/web-console-2.3.0/lib/web_console/templates/_prompt_box_markup.html.erb within layouts/inlined_string (0.3ms)
  Rendered /usr/local/lib/ruby/gems/2.2.0/gems/web-console-2.3.0/lib/web_console/templates/style.css.erb within layouts/inlined_string (0.3ms)
  Rendered /usr/local/lib/ruby/gems/2.2.0/gems/web-console-2.3.0/lib/web_console/templates/console.js.erb within layouts/javascript (40.6ms)
  Rendered /usr/local/lib/ruby/gems/2.2.0/gems/web-console-2.3.0/lib/web_console/templates/main.js.erb within layouts/javascript (0.2ms)
  Rendered /usr/local/lib/ruby/gems/2.2.0/gems/web-console-2.3.0/lib/web_console/templates/error_page.js.erb within layouts/javascript (0.3ms)
  Rendered /usr/local/lib/ruby/gems/2.2.0/gems/web-console-2.3.0/lib/web_console/templates/index.html.erb (89.3ms)


Started GET "/pins/2/edit" for ::1 at 2016-02-15 21:18:57 +0100
Processing by PinsController#edit as HTML
  Parameters: {"id"=>"2"}
  [1m[36mPin Load (0.1ms)[0m  [1mSELECT  "pins".* FROM "pins" WHERE "pins"."id" = ? LIMIT 1[0m  [["id", 2]]
  Rendered pins/_form.html.haml (3.9ms)
  Rendered pins/edit.html.haml within layouts/application (27.2ms)
Completed 500 Internal Server Error in 50ms (ActiveRecord: 0.1ms)

ActionView::Template::Error (undefined local variable or method `pins' for #<#<Class:0x007fa669cd1e20>:0x007fa6646a5650>):
    2: 
    3: = render 'form'
    4: 
    5: =link_to "Cancel", pins
  app/views/pins/edit.html.haml:5:in `_app_views_pins_edit_html_haml__3588671099464535154_70176312992200'


  Rendered /usr/local/lib/ruby/gems/2.2.0/gems/actionpack-4.2.5/lib/action_dispatch/middleware/templates/rescues/_source.erb (4.6ms)
  Rendered /usr/local/lib/ruby/gems/2.2.0/gems/actionpack-4.2.5/lib/action_dispatch/middleware/templates/rescues/_trace.html.erb (1.9ms)
  Rendered /usr/local/lib/ruby/gems/2.2.0/gems/actionpack-4.2.5/lib/action_dispatch/middleware/templates/rescues/_request_and_response.html.erb (0.8ms)
  Rendered /usr/local/lib/ruby/gems/2.2.0/gems/actionpack-4.2.5/lib/action_dispatch/middleware/templates/rescues/template_error.html.erb within rescues/layout (50.5ms)
  Rendered /usr/local/lib/ruby/gems/2.2.0/gems/web-console-2.3.0/lib/web_console/templates/_markup.html.erb (0.3ms)
  Rendered /usr/local/lib/ruby/gems/2.2.0/gems/web-console-2.3.0/lib/web_console/templates/_inner_console_markup.html.erb within layouts/inlined_string (0.3ms)
  Rendered /usr/local/lib/ruby/gems/2.2.0/gems/web-console-2.3.0/lib/web_console/templates/_prompt_box_markup.html.erb within layouts/inlined_string (0.3ms)
  Rendered /usr/local/lib/ruby/gems/2.2.0/gems/web-console-2.3.0/lib/web_console/templates/style.css.erb within layouts/inlined_string (0.3ms)
  Rendered /usr/local/lib/ruby/gems/2.2.0/gems/web-console-2.3.0/lib/web_console/templates/console.js.erb within layouts/javascript (41.9ms)
  Rendered /usr/local/lib/ruby/gems/2.2.0/gems/web-console-2.3.0/lib/web_console/templates/main.js.erb within layouts/javascript (0.3ms)
  Rendered /usr/local/lib/ruby/gems/2.2.0/gems/web-console-2.3.0/lib/web_console/templates/error_page.js.erb within layouts/javascript (0.4ms)
  Rendered /usr/local/lib/ruby/gems/2.2.0/gems/web-console-2.3.0/lib/web_console/templates/index.html.erb (92.3ms)


Started GET "/pins/2/edit" for ::1 at 2016-02-15 21:19:15 +0100
Processing by PinsController#edit as HTML
  Parameters: {"id"=>"2"}
  [1m[35mPin Load (0.1ms)[0m  SELECT  "pins".* FROM "pins" WHERE "pins"."id" = ? LIMIT 1  [["id", 2]]
  Rendered pins/_form.html.haml (4.4ms)
  Rendered pins/edit.html.haml within layouts/application (17.5ms)
Completed 200 OK in 70ms (Views: 69.5ms | ActiveRecord: 0.1ms)


Started GET "/assets/pins.self-e3b0c44298fc1c149afbf4c8996fb92427ae41e4649b934ca495991b7852b855.css?body=1" for ::1 at 2016-02-15 21:19:15 +0100


Started GET "/assets/application.self-e80e8f2318043e8af94dddc2adad5a4f09739a8ebb323b3ab31cd71d45fd9113.css?body=1" for ::1 at 2016-02-15 21:19:15 +0100


Started GET "/assets/jquery_ujs.self-d602bdfe68ffc63b9f9cc512872aa3cfff046228a0a36e90dd476e8ef54c1b09.js?body=1" for ::1 at 2016-02-15 21:19:15 +0100


Started GET "/assets/application.self-3b8dabdc891efe46b9a144b400ad69e37d7e5876bdc39dee783419a69d7ca819.js?body=1" for ::1 at 2016-02-15 21:19:15 +0100


Started GET "/assets/jquery.self-c64a74367bda6ef8b860f19e74df08927ca99d2be2ac934e9e92d5fd361e0da4.js?body=1" for ::1 at 2016-02-15 21:19:15 +0100


Started GET "/assets/turbolinks.self-c37727e9bd6b2735da5c311aa83fead54ed0be6cc8bd9a65309e9c5abe2cbfff.js?body=1" for ::1 at 2016-02-15 21:19:15 +0100


Started GET "/assets/pins.self-877aef30ae1b040ab8a3aba4e3e309a11d7f2612f44dde450b5c157aa5f95c05.js?body=1" for ::1 at 2016-02-15 21:19:15 +0100


Started PATCH "/pins/2" for ::1 at 2016-02-15 21:19:46 +0100
Processing by PinsController#update as HTML
  Parameters: {"utf8"=>"✓", "authenticity_token"=>"GL9pLmcoH+NeK6dg5NjFDt4gs+EOWXCnL5Ml0iD+W53hIRnVAoQ9vuR3ADZm4G12iA+E21AsfNioyeIbTvIxEA==", "pin"=>{"title"=>"Second Path", "description"=>"STATUT\r\nUPTIME\r\nCODE\r\nDONNÉES\r\nDISCUSSIONS\r\nSTATS\r\nBLOG\r\nÀ PROPOS\r\nAIDE\r\nAPI\r\nRubyGems.org est le service d’hébergement de la communauté Ruby. Publiez vos gems instantanément et utilisez-les. Utilisez l'API pour interagir et trouver des informations sur les gems disponibles. Contribuez et améliorez ce site avec nous !"}, "commit"=>"Update Pin", "id"=>"2"}
  [1m[36mPin Load (0.1ms)[0m  [1mSELECT  "pins".* FROM "pins" WHERE "pins"."id" = ? LIMIT 1[0m  [["id", 2]]
  [1m[35m (0.0ms)[0m  begin transaction
  [1m[36mSQL (0.3ms)[0m  [1mUPDATE "pins" SET "title" = ?, "description" = ?, "updated_at" = ? WHERE "pins"."id" = ?[0m  [["title", "Second Path"], ["description", "STATUT\r\nUPTIME\r\nCODE\r\nDONNÉES\r\nDISCUSSIONS\r\nSTATS\r\nBLOG\r\nÀ PROPOS\r\nAIDE\r\nAPI\r\nRubyGems.org est le service d’hébergement de la communauté Ruby. Publiez vos gems instantanément et utilisez-les. Utilisez l'API pour interagir et trouver des informations sur les gems disponibles. Contribuez et améliorez ce site avec nous !"], ["updated_at", "2016-02-15 20:19:46.646415"], ["id", 2]]
  [1m[35m (16.1ms)[0m  commit transaction
Redirected to http://localhost:3000/pins/2
Completed 302 Found in 20ms (ActiveRecord: 16.5ms)


Started GET "/pins/2" for ::1 at 2016-02-15 21:19:46 +0100
Processing by PinsController#show as HTML
  Parameters: {"id"=>"2"}
  [1m[36mPin Load (0.1ms)[0m  [1mSELECT  "pins".* FROM "pins" WHERE "pins"."id" = ? LIMIT 1[0m  [["id", 2]]
  Rendered pins/show.html.haml within layouts/application (0.5ms)
Completed 200 OK in 110ms (Views: 109.4ms | ActiveRecord: 0.1ms)


Started GET "/pins/2" for ::1 at 2016-02-15 21:23:09 +0100
Processing by PinsController#show as HTML
  Parameters: {"id"=>"2"}
  [1m[35mPin Load (0.1ms)[0m  SELECT  "pins".* FROM "pins" WHERE "pins"."id" = ? LIMIT 1  [["id", 2]]
  Rendered pins/show.html.haml within layouts/application (1.8ms)
Completed 200 OK in 71ms (Views: 69.7ms | ActiveRecord: 0.1ms)


Started GET "/assets/pins.self-e3b0c44298fc1c149afbf4c8996fb92427ae41e4649b934ca495991b7852b855.css?body=1" for ::1 at 2016-02-15 21:23:10 +0100


Started GET "/assets/application.self-e80e8f2318043e8af94dddc2adad5a4f09739a8ebb323b3ab31cd71d45fd9113.css?body=1" for ::1 at 2016-02-15 21:23:10 +0100


Started GET "/assets/application.self-3b8dabdc891efe46b9a144b400ad69e37d7e5876bdc39dee783419a69d7ca819.js?body=1" for ::1 at 2016-02-15 21:23:10 +0100


Started GET "/assets/jquery.self-c64a74367bda6ef8b860f19e74df08927ca99d2be2ac934e9e92d5fd361e0da4.js?body=1" for ::1 at 2016-02-15 21:23:10 +0100


Started GET "/assets/jquery_ujs.self-d602bdfe68ffc63b9f9cc512872aa3cfff046228a0a36e90dd476e8ef54c1b09.js?body=1" for ::1 at 2016-02-15 21:23:10 +0100


Started GET "/assets/turbolinks.self-c37727e9bd6b2735da5c311aa83fead54ed0be6cc8bd9a65309e9c5abe2cbfff.js?body=1" for ::1 at 2016-02-15 21:23:10 +0100


Started GET "/assets/pins.self-877aef30ae1b040ab8a3aba4e3e309a11d7f2612f44dde450b5c157aa5f95c05.js?body=1" for ::1 at 2016-02-15 21:23:10 +0100


Started DELETE "/pins/2" for ::1 at 2016-02-15 21:23:14 +0100
Processing by PinsController#destroy as HTML
  Parameters: {"authenticity_token"=>"GlUQuIx/h9RKEyvOX9cgpPsZRMdhzwZDpU0/JZV4suTjy2BD6dOlifBPjJjd74jcrTZz/T+6CjwiF/js+3TYaQ==", "id"=>"2"}
  [1m[36mPin Load (0.1ms)[0m  [1mSELECT  "pins".* FROM "pins" WHERE "pins"."id" = ? LIMIT 1[0m  [["id", 2]]
  [1m[35m (0.1ms)[0m  begin transaction
  [1m[36mSQL (0.2ms)[0m  [1mDELETE FROM "pins" WHERE "pins"."id" = ?[0m  [["id", 2]]
  [1m[35m (1.4ms)[0m  commit transaction
Redirected to http://localhost:3000/
Completed 302 Found in 4ms (ActiveRecord: 1.8ms)


Started GET "/" for ::1 at 2016-02-15 21:23:14 +0100
Processing by PinsController#index as HTML
  [1m[36mPin Load (0.2ms)[0m  [1mSELECT "pins".* FROM "pins"  ORDER BY created_at DESC[0m
  Rendered pins/index.html.haml within layouts/application (0.9ms)
Completed 200 OK in 35ms (Views: 34.0ms | ActiveRecord: 0.2ms)


Started GET "/pins/1" for ::1 at 2016-02-15 21:23:16 +0100
Processing by PinsController#show as HTML
  Parameters: {"id"=>"1"}
  [1m[35mPin Load (0.1ms)[0m  SELECT  "pins".* FROM "pins" WHERE "pins"."id" = ? LIMIT 1  [["id", 1]]
  Rendered pins/show.html.haml within layouts/application (2.0ms)
Completed 200 OK in 15ms (Views: 14.0ms | ActiveRecord: 0.1ms)


Started DELETE "/pins/1" for ::1 at 2016-02-15 21:23:20 +0100
Processing by PinsController#destroy as HTML
  Parameters: {"authenticity_token"=>"tA6rF7o3J9yl7HOHM0z4G4LdJ4euZiNn5x07ul3OKZFNkNvs35sFgR+w1NGxdFBj1PIQvfATLxhgR/xzM8JDHA==", "id"=>"1"}
  [1m[36mPin Load (0.1ms)[0m  [1mSELECT  "pins".* FROM "pins" WHERE "pins"."id" = ? LIMIT 1[0m  [["id", 1]]
  [1m[35m (0.0ms)[0m  begin transaction
  [1m[36mSQL (0.2ms)[0m  [1mDELETE FROM "pins" WHERE "pins"."id" = ?[0m  [["id", 1]]
  [1m[35m (1.5ms)[0m  commit transaction
Redirected to http://localhost:3000/
Completed 302 Found in 3ms (ActiveRecord: 1.9ms)


Started GET "/" for ::1 at 2016-02-15 21:23:20 +0100
Processing by PinsController#index as HTML
  [1m[36mPin Load (0.1ms)[0m  [1mSELECT "pins".* FROM "pins"  ORDER BY created_at DESC[0m
  Rendered pins/index.html.haml within layouts/application (0.6ms)
Completed 200 OK in 13ms (Views: 12.8ms | ActiveRecord: 0.1ms)


Started GET "/pins/new" for ::1 at 2016-02-15 21:23:35 +0100
Processing by PinsController#new as HTML
  Rendered pins/_form.html.haml (4.6ms)
  Rendered pins/new.html.haml within layouts/application (47.4ms)
Completed 200 OK in 106ms (Views: 105.1ms | ActiveRecord: 0.0ms)


Started POST "/pins" for ::1 at 2016-02-15 21:23:55 +0100
Processing by PinsController#create as HTML
  Parameters: {"utf8"=>"✓", "authenticity_token"=>"IdZ8Aus7Dnd1mfgP9sveMCpZ9rGRXK1SjQBzyz5LX4fYSAz5jpcsKs/FX1l083ZIfHbBi88poS0KWrQCUEc1Cg==", "pin"=>{"title"=>"First pin", "description"=>"allo tout le monde"}, "commit"=>"Create Pin"}
  [1m[35m (0.1ms)[0m  begin transaction
  [1m[36mSQL (0.3ms)[0m  [1mINSERT INTO "pins" ("title", "description", "created_at", "updated_at") VALUES (?, ?, ?, ?)[0m  [["title", "First pin"], ["description", "allo tout le monde"], ["created_at", "2016-02-15 20:23:55.137083"], ["updated_at", "2016-02-15 20:23:55.137083"]]
  [1m[35m (14.9ms)[0m  commit transaction
Redirected to http://localhost:3000/pins/3
Completed 302 Found in 18ms (ActiveRecord: 15.2ms)


Started GET "/pins/3" for ::1 at 2016-02-15 21:23:55 +0100
Processing by PinsController#show as HTML
  Parameters: {"id"=>"3"}
  [1m[36mPin Load (0.1ms)[0m  [1mSELECT  "pins".* FROM "pins" WHERE "pins"."id" = ? LIMIT 1[0m  [["id", 3]]
  Rendered pins/show.html.haml within layouts/application (0.5ms)
Completed 200 OK in 14ms (Views: 12.8ms | ActiveRecord: 0.1ms)


Started GET "/" for ::1 at 2016-02-15 21:23:57 +0100
Processing by PinsController#index as HTML
  [1m[35mPin Load (0.1ms)[0m  SELECT "pins".* FROM "pins"  ORDER BY created_at DESC
  Rendered pins/index.html.haml within layouts/application (0.9ms)
Completed 200 OK in 13ms (Views: 12.2ms | ActiveRecord: 0.1ms)


Started GET "/" for ::1 at 2016-02-15 21:25:19 +0100
Processing by PinsController#index as HTML
  [1m[36mPin Load (0.2ms)[0m  [1mSELECT "pins".* FROM "pins"  ORDER BY created_at DESC[0m
  Rendered pins/index.html.haml within layouts/application (1.8ms)
Completed 200 OK in 14ms (Views: 13.3ms | ActiveRecord: 0.2ms)


Started GET "/assets/application.self-e80e8f2318043e8af94dddc2adad5a4f09739a8ebb323b3ab31cd71d45fd9113.css?body=1" for ::1 at 2016-02-15 21:25:19 +0100


Started GET "/assets/pins.self-e3b0c44298fc1c149afbf4c8996fb92427ae41e4649b934ca495991b7852b855.css?body=1" for ::1 at 2016-02-15 21:25:19 +0100


Started GET "/assets/jquery.self-c64a74367bda6ef8b860f19e74df08927ca99d2be2ac934e9e92d5fd361e0da4.js?body=1" for ::1 at 2016-02-15 21:25:19 +0100


Started GET "/assets/application.self-3b8dabdc891efe46b9a144b400ad69e37d7e5876bdc39dee783419a69d7ca819.js?body=1" for ::1 at 2016-02-15 21:25:19 +0100


Started GET "/assets/jquery_ujs.self-d602bdfe68ffc63b9f9cc512872aa3cfff046228a0a36e90dd476e8ef54c1b09.js?body=1" for ::1 at 2016-02-15 21:25:19 +0100


Started GET "/assets/turbolinks.self-c37727e9bd6b2735da5c311aa83fead54ed0be6cc8bd9a65309e9c5abe2cbfff.js?body=1" for ::1 at 2016-02-15 21:25:19 +0100


Started GET "/assets/pins.self-877aef30ae1b040ab8a3aba4e3e309a11d7f2612f44dde450b5c157aa5f95c05.js?body=1" for ::1 at 2016-02-15 21:25:19 +0100


Started GET "/pins/new" for ::1 at 2016-02-15 21:25:20 +0100
Processing by PinsController#new as HTML
  Rendered pins/_form.html.haml (4.4ms)
  Rendered pins/new.html.haml within layouts/application (7.0ms)
Completed 200 OK in 20ms (Views: 19.3ms | ActiveRecord: 0.0ms)


Started POST "/pins" for ::1 at 2016-02-15 21:35:44 +0100
Processing by PinsController#create as HTML
  Parameters: {"utf8"=>"✓", "authenticity_token"=>"cisJYeUUp5NiSE9r3cm/vh4SyX7v69K0PUmV6p8yCvSLtXmagLiFztgU6D1f8RfGSD3+RLGe3su6E1Ij8T5geQ==", "pin"=>{"title"=>"Another pin", "description"=>"salut \r\n"}, "commit"=>"Create Pin"}
  [1m[35m (0.1ms)[0m  begin transaction
  [1m[36mSQL (0.2ms)[0m  [1mINSERT INTO "pins" ("title", "description", "created_at", "updated_at") VALUES (?, ?, ?, ?)[0m  [["title", "Another pin"], ["description", "salut \r\n"], ["created_at", "2016-02-15 20:35:44.837091"], ["updated_at", "2016-02-15 20:35:44.837091"]]
  [1m[35m (0.9ms)[0m  commit transaction
Redirected to http://localhost:3000/pins/4
Completed 302 Found in 4ms (ActiveRecord: 1.3ms)


Started GET "/pins/4" for ::1 at 2016-02-15 21:35:44 +0100
Processing by PinsController#show as HTML
  Parameters: {"id"=>"4"}
  [1m[36mPin Load (0.1ms)[0m  [1mSELECT  "pins".* FROM "pins" WHERE "pins"."id" = ? LIMIT 1[0m  [["id", 4]]
  Rendered pins/show.html.haml within layouts/application (0.4ms)
Completed 200 OK in 12ms (Views: 11.7ms | ActiveRecord: 0.1ms)
